{"/Users/denishrunov/Программирование/javascript-data-structures/src/DoublyLinkedList/DoublyLinkedList.ts": {"path":"/Users/denishrunov/Программирование/javascript-data-structures/src/DoublyLinkedList/DoublyLinkedList.ts","all":false,"statementMap":{"0":{"start":{"line":1,"column":0},"end":{"line":1,"column":83}},"1":{"start":{"line":2,"column":0},"end":{"line":2,"column":0}},"2":{"start":{"line":3,"column":0},"end":{"line":3,"column":34}},"3":{"start":{"line":4,"column":0},"end":{"line":4,"column":47}},"4":{"start":{"line":5,"column":0},"end":{"line":5,"column":47}},"5":{"start":{"line":6,"column":0},"end":{"line":6,"column":25}},"6":{"start":{"line":7,"column":0},"end":{"line":7,"column":0}},"7":{"start":{"line":8,"column":0},"end":{"line":8,"column":8}},"8":{"start":{"line":9,"column":0},"end":{"line":9,"column":52}},"9":{"start":{"line":10,"column":0},"end":{"line":10,"column":20}},"10":{"start":{"line":11,"column":0},"end":{"line":11,"column":2}},"11":{"start":{"line":12,"column":0},"end":{"line":12,"column":0}},"12":{"start":{"line":13,"column":0},"end":{"line":13,"column":8}},"13":{"start":{"line":14,"column":0},"end":{"line":14,"column":52}},"14":{"start":{"line":15,"column":0},"end":{"line":15,"column":20}},"15":{"start":{"line":16,"column":0},"end":{"line":16,"column":2}},"16":{"start":{"line":17,"column":0},"end":{"line":17,"column":0}},"17":{"start":{"line":18,"column":0},"end":{"line":18,"column":8}},"18":{"start":{"line":19,"column":0},"end":{"line":19,"column":32}},"19":{"start":{"line":20,"column":0},"end":{"line":20,"column":27}},"20":{"start":{"line":21,"column":0},"end":{"line":21,"column":2}},"21":{"start":{"line":22,"column":0},"end":{"line":22,"column":0}},"22":{"start":{"line":23,"column":0},"end":{"line":23,"column":8}},"23":{"start":{"line":24,"column":0},"end":{"line":24,"column":30}},"24":{"start":{"line":25,"column":0},"end":{"line":25,"column":22}},"25":{"start":{"line":26,"column":0},"end":{"line":26,"column":2}},"26":{"start":{"line":27,"column":0},"end":{"line":27,"column":0}},"27":{"start":{"line":28,"column":0},"end":{"line":28,"column":27}},"28":{"start":{"line":29,"column":0},"end":{"line":29,"column":20}},"29":{"start":{"line":30,"column":0},"end":{"line":30,"column":20}},"30":{"start":{"line":31,"column":0},"end":{"line":31,"column":19}},"31":{"start":{"line":32,"column":0},"end":{"line":32,"column":0}},"32":{"start":{"line":33,"column":0},"end":{"line":33,"column":14}},"33":{"start":{"line":34,"column":0},"end":{"line":34,"column":48}},"34":{"start":{"line":35,"column":0},"end":{"line":35,"column":3}},"35":{"start":{"line":36,"column":0},"end":{"line":36,"column":2}},"36":{"start":{"line":37,"column":0},"end":{"line":37,"column":0}},"37":{"start":{"line":38,"column":0},"end":{"line":38,"column":8}},"38":{"start":{"line":39,"column":0},"end":{"line":39,"column":48}},"39":{"start":{"line":40,"column":0},"end":{"line":40,"column":64}},"40":{"start":{"line":41,"column":0},"end":{"line":41,"column":0}},"41":{"start":{"line":42,"column":0},"end":{"line":42,"column":18}},"42":{"start":{"line":43,"column":0},"end":{"line":43,"column":29}},"43":{"start":{"line":44,"column":0},"end":{"line":44,"column":3}},"44":{"start":{"line":45,"column":0},"end":{"line":45,"column":0}},"45":{"start":{"line":46,"column":0},"end":{"line":46,"column":20}},"46":{"start":{"line":47,"column":0},"end":{"line":47,"column":0}},"47":{"start":{"line":48,"column":0},"end":{"line":48,"column":19}},"48":{"start":{"line":49,"column":0},"end":{"line":49,"column":21}},"49":{"start":{"line":50,"column":0},"end":{"line":50,"column":3}},"50":{"start":{"line":51,"column":0},"end":{"line":51,"column":0}},"51":{"start":{"line":52,"column":0},"end":{"line":52,"column":25}},"52":{"start":{"line":53,"column":0},"end":{"line":53,"column":14}},"53":{"start":{"line":54,"column":0},"end":{"line":54,"column":2}},"54":{"start":{"line":55,"column":0},"end":{"line":55,"column":0}},"55":{"start":{"line":56,"column":0},"end":{"line":56,"column":8}},"56":{"start":{"line":57,"column":0},"end":{"line":57,"column":47}},"57":{"start":{"line":58,"column":0},"end":{"line":58,"column":47}},"58":{"start":{"line":59,"column":0},"end":{"line":59,"column":0}},"59":{"start":{"line":60,"column":0},"end":{"line":60,"column":19}},"60":{"start":{"line":61,"column":0},"end":{"line":61,"column":21}},"61":{"start":{"line":62,"column":0},"end":{"line":62,"column":21}},"62":{"start":{"line":63,"column":0},"end":{"line":63,"column":0}},"63":{"start":{"line":64,"column":0},"end":{"line":64,"column":26}},"64":{"start":{"line":65,"column":0},"end":{"line":65,"column":15}},"65":{"start":{"line":66,"column":0},"end":{"line":66,"column":3}},"66":{"start":{"line":67,"column":0},"end":{"line":67,"column":0}},"67":{"start":{"line":68,"column":0},"end":{"line":68,"column":25}},"68":{"start":{"line":69,"column":0},"end":{"line":69,"column":28}},"69":{"start":{"line":70,"column":0},"end":{"line":70,"column":20}},"70":{"start":{"line":71,"column":0},"end":{"line":71,"column":0}},"71":{"start":{"line":72,"column":0},"end":{"line":72,"column":25}},"72":{"start":{"line":73,"column":0},"end":{"line":73,"column":14}},"73":{"start":{"line":74,"column":0},"end":{"line":74,"column":2}},"74":{"start":{"line":75,"column":0},"end":{"line":75,"column":0}},"75":{"start":{"line":76,"column":0},"end":{"line":76,"column":8}},"76":{"start":{"line":77,"column":0},"end":{"line":77,"column":47}},"77":{"start":{"line":78,"column":0},"end":{"line":78,"column":19}},"78":{"start":{"line":79,"column":0},"end":{"line":79,"column":15}},"79":{"start":{"line":80,"column":0},"end":{"line":80,"column":3}},"80":{"start":{"line":81,"column":0},"end":{"line":81,"column":0}},"81":{"start":{"line":82,"column":0},"end":{"line":82,"column":61}},"82":{"start":{"line":83,"column":0},"end":{"line":83,"column":0}},"83":{"start":{"line":84,"column":0},"end":{"line":84,"column":23}},"84":{"start":{"line":85,"column":0},"end":{"line":85,"column":37}},"85":{"start":{"line":86,"column":0},"end":{"line":86,"column":36}},"86":{"start":{"line":87,"column":0},"end":{"line":87,"column":35}},"87":{"start":{"line":88,"column":0},"end":{"line":88,"column":0}},"88":{"start":{"line":89,"column":0},"end":{"line":89,"column":21}},"89":{"start":{"line":90,"column":0},"end":{"line":90,"column":32}},"90":{"start":{"line":91,"column":0},"end":{"line":91,"column":6}},"91":{"start":{"line":92,"column":0},"end":{"line":92,"column":0}},"92":{"start":{"line":93,"column":0},"end":{"line":93,"column":37}},"93":{"start":{"line":94,"column":0},"end":{"line":94,"column":24}},"94":{"start":{"line":95,"column":0},"end":{"line":95,"column":6}},"95":{"start":{"line":96,"column":0},"end":{"line":96,"column":43}},"96":{"start":{"line":97,"column":0},"end":{"line":97,"column":39}},"97":{"start":{"line":98,"column":0},"end":{"line":98,"column":27}},"98":{"start":{"line":99,"column":0},"end":{"line":99,"column":12}},"99":{"start":{"line":100,"column":0},"end":{"line":100,"column":47}},"100":{"start":{"line":101,"column":0},"end":{"line":101,"column":39}},"101":{"start":{"line":102,"column":0},"end":{"line":102,"column":0}},"102":{"start":{"line":103,"column":0},"end":{"line":103,"column":35}},"103":{"start":{"line":104,"column":0},"end":{"line":104,"column":39}},"104":{"start":{"line":105,"column":0},"end":{"line":105,"column":5}},"105":{"start":{"line":106,"column":0},"end":{"line":106,"column":0}},"106":{"start":{"line":107,"column":0},"end":{"line":107,"column":27}},"107":{"start":{"line":108,"column":0},"end":{"line":108,"column":4}},"108":{"start":{"line":109,"column":0},"end":{"line":109,"column":0}},"109":{"start":{"line":110,"column":0},"end":{"line":110,"column":34}},"110":{"start":{"line":111,"column":0},"end":{"line":111,"column":3}},"111":{"start":{"line":112,"column":0},"end":{"line":112,"column":0}},"112":{"start":{"line":113,"column":0},"end":{"line":113,"column":14}},"113":{"start":{"line":114,"column":0},"end":{"line":114,"column":2}},"114":{"start":{"line":115,"column":0},"end":{"line":115,"column":0}},"115":{"start":{"line":116,"column":0},"end":{"line":116,"column":8}},"116":{"start":{"line":117,"column":0},"end":{"line":117,"column":59}},"117":{"start":{"line":118,"column":0},"end":{"line":118,"column":42}},"118":{"start":{"line":119,"column":0},"end":{"line":119,"column":15}},"119":{"start":{"line":120,"column":0},"end":{"line":120,"column":3}},"120":{"start":{"line":121,"column":0},"end":{"line":121,"column":0}},"121":{"start":{"line":122,"column":0},"end":{"line":122,"column":33}},"122":{"start":{"line":123,"column":0},"end":{"line":123,"column":31}},"123":{"start":{"line":124,"column":0},"end":{"line":124,"column":26}},"124":{"start":{"line":125,"column":0},"end":{"line":125,"column":15}},"125":{"start":{"line":126,"column":0},"end":{"line":126,"column":3}},"126":{"start":{"line":127,"column":0},"end":{"line":127,"column":0}},"127":{"start":{"line":128,"column":0},"end":{"line":128,"column":26}},"128":{"start":{"line":129,"column":0},"end":{"line":129,"column":50}},"129":{"start":{"line":130,"column":0},"end":{"line":130,"column":12}},"130":{"start":{"line":131,"column":0},"end":{"line":131,"column":0}},"131":{"start":{"line":132,"column":0},"end":{"line":132,"column":21}},"132":{"start":{"line":133,"column":0},"end":{"line":133,"column":18}},"133":{"start":{"line":134,"column":0},"end":{"line":134,"column":43}},"134":{"start":{"line":135,"column":0},"end":{"line":135,"column":7}},"135":{"start":{"line":136,"column":0},"end":{"line":136,"column":3}},"136":{"start":{"line":137,"column":0},"end":{"line":137,"column":0}},"137":{"start":{"line":138,"column":0},"end":{"line":138,"column":24}},"138":{"start":{"line":139,"column":0},"end":{"line":139,"column":28}},"139":{"start":{"line":140,"column":0},"end":{"line":140,"column":26}},"140":{"start":{"line":141,"column":0},"end":{"line":141,"column":3}},"141":{"start":{"line":142,"column":0},"end":{"line":142,"column":0}},"142":{"start":{"line":143,"column":0},"end":{"line":143,"column":30}},"143":{"start":{"line":144,"column":0},"end":{"line":144,"column":21}},"144":{"start":{"line":145,"column":0},"end":{"line":145,"column":3}},"145":{"start":{"line":146,"column":0},"end":{"line":146,"column":0}},"146":{"start":{"line":147,"column":0},"end":{"line":147,"column":14}},"147":{"start":{"line":148,"column":0},"end":{"line":148,"column":2}},"148":{"start":{"line":149,"column":0},"end":{"line":149,"column":0}},"149":{"start":{"line":150,"column":0},"end":{"line":150,"column":8}},"150":{"start":{"line":151,"column":0},"end":{"line":151,"column":23}},"151":{"start":{"line":152,"column":0},"end":{"line":152,"column":20}},"152":{"start":{"line":153,"column":0},"end":{"line":153,"column":20}},"153":{"start":{"line":154,"column":0},"end":{"line":154,"column":19}},"154":{"start":{"line":155,"column":0},"end":{"line":155,"column":2}},"155":{"start":{"line":156,"column":0},"end":{"line":156,"column":0}},"156":{"start":{"line":157,"column":0},"end":{"line":157,"column":8}},"157":{"start":{"line":158,"column":0},"end":{"line":158,"column":13}},"158":{"start":{"line":159,"column":0},"end":{"line":159,"column":71}},"159":{"start":{"line":160,"column":0},"end":{"line":160,"column":36}},"160":{"start":{"line":161,"column":0},"end":{"line":161,"column":19}},"161":{"start":{"line":162,"column":0},"end":{"line":162,"column":15}},"162":{"start":{"line":163,"column":0},"end":{"line":163,"column":3}},"163":{"start":{"line":164,"column":0},"end":{"line":164,"column":0}},"164":{"start":{"line":165,"column":0},"end":{"line":165,"column":58}},"165":{"start":{"line":166,"column":0},"end":{"line":166,"column":16}},"166":{"start":{"line":167,"column":0},"end":{"line":167,"column":0}},"167":{"start":{"line":168,"column":0},"end":{"line":168,"column":19}},"168":{"start":{"line":169,"column":0},"end":{"line":169,"column":35}},"169":{"start":{"line":170,"column":0},"end":{"line":170,"column":19}},"170":{"start":{"line":171,"column":0},"end":{"line":171,"column":4}},"171":{"start":{"line":172,"column":0},"end":{"line":172,"column":0}},"172":{"start":{"line":173,"column":0},"end":{"line":173,"column":26}},"173":{"start":{"line":174,"column":0},"end":{"line":174,"column":11}},"174":{"start":{"line":175,"column":0},"end":{"line":175,"column":3}},"175":{"start":{"line":176,"column":0},"end":{"line":176,"column":0}},"176":{"start":{"line":177,"column":0},"end":{"line":177,"column":14}},"177":{"start":{"line":178,"column":0},"end":{"line":178,"column":2}},"178":{"start":{"line":179,"column":0},"end":{"line":179,"column":0}},"179":{"start":{"line":180,"column":0},"end":{"line":180,"column":8}},"180":{"start":{"line":181,"column":0},"end":{"line":181,"column":18}},"181":{"start":{"line":182,"column":0},"end":{"line":182,"column":55}},"182":{"start":{"line":183,"column":0},"end":{"line":183,"column":12}},"183":{"start":{"line":184,"column":0},"end":{"line":184,"column":19}},"184":{"start":{"line":185,"column":0},"end":{"line":185,"column":13}},"185":{"start":{"line":186,"column":0},"end":{"line":186,"column":3}},"186":{"start":{"line":187,"column":0},"end":{"line":187,"column":0}},"187":{"start":{"line":188,"column":0},"end":{"line":188,"column":58}},"188":{"start":{"line":189,"column":0},"end":{"line":189,"column":16}},"189":{"start":{"line":190,"column":0},"end":{"line":190,"column":0}},"190":{"start":{"line":191,"column":0},"end":{"line":191,"column":19}},"191":{"start":{"line":192,"column":0},"end":{"line":192,"column":28}},"192":{"start":{"line":193,"column":0},"end":{"line":193,"column":17}},"193":{"start":{"line":194,"column":0},"end":{"line":194,"column":4}},"194":{"start":{"line":195,"column":0},"end":{"line":195,"column":0}},"195":{"start":{"line":196,"column":0},"end":{"line":196,"column":26}},"196":{"start":{"line":197,"column":0},"end":{"line":197,"column":11}},"197":{"start":{"line":198,"column":0},"end":{"line":198,"column":3}},"198":{"start":{"line":199,"column":0},"end":{"line":199,"column":0}},"199":{"start":{"line":200,"column":0},"end":{"line":200,"column":12}},"200":{"start":{"line":201,"column":0},"end":{"line":201,"column":2}},"201":{"start":{"line":202,"column":0},"end":{"line":202,"column":0}},"202":{"start":{"line":203,"column":0},"end":{"line":203,"column":8}},"203":{"start":{"line":204,"column":0},"end":{"line":204,"column":24}},"204":{"start":{"line":205,"column":0},"end":{"line":205,"column":25}},"205":{"start":{"line":206,"column":0},"end":{"line":206,"column":51}},"206":{"start":{"line":207,"column":0},"end":{"line":207,"column":0}},"207":{"start":{"line":208,"column":0},"end":{"line":208,"column":16}},"208":{"start":{"line":209,"column":0},"end":{"line":209,"column":2}},"209":{"start":{"line":210,"column":0},"end":{"line":210,"column":0}},"210":{"start":{"line":211,"column":0},"end":{"line":211,"column":8}},"211":{"start":{"line":212,"column":0},"end":{"line":212,"column":17}},"212":{"start":{"line":213,"column":0},"end":{"line":213,"column":67}},"213":{"start":{"line":214,"column":0},"end":{"line":214,"column":10}},"214":{"start":{"line":215,"column":0},"end":{"line":215,"column":26}},"215":{"start":{"line":216,"column":0},"end":{"line":216,"column":16}},"216":{"start":{"line":217,"column":0},"end":{"line":217,"column":0}},"217":{"start":{"line":218,"column":0},"end":{"line":218,"column":19}},"218":{"start":{"line":219,"column":0},"end":{"line":219,"column":28}},"219":{"start":{"line":220,"column":0},"end":{"line":220,"column":26}},"220":{"start":{"line":221,"column":0},"end":{"line":221,"column":11}},"221":{"start":{"line":222,"column":0},"end":{"line":222,"column":3}},"222":{"start":{"line":223,"column":0},"end":{"line":223,"column":2}},"223":{"start":{"line":224,"column":0},"end":{"line":224,"column":0}},"224":{"start":{"line":225,"column":0},"end":{"line":225,"column":8}},"225":{"start":{"line":226,"column":0},"end":{"line":226,"column":40}},"226":{"start":{"line":227,"column":0},"end":{"line":227,"column":26}},"227":{"start":{"line":228,"column":0},"end":{"line":228,"column":18}},"228":{"start":{"line":229,"column":0},"end":{"line":229,"column":18}},"229":{"start":{"line":230,"column":0},"end":{"line":230,"column":0}},"230":{"start":{"line":231,"column":0},"end":{"line":231,"column":19}},"231":{"start":{"line":232,"column":0},"end":{"line":232,"column":23}},"232":{"start":{"line":233,"column":0},"end":{"line":233,"column":0}},"233":{"start":{"line":234,"column":0},"end":{"line":234,"column":23}},"234":{"start":{"line":235,"column":0},"end":{"line":235,"column":0}},"235":{"start":{"line":236,"column":0},"end":{"line":236,"column":18}},"236":{"start":{"line":237,"column":0},"end":{"line":237,"column":18}},"237":{"start":{"line":238,"column":0},"end":{"line":238,"column":3}},"238":{"start":{"line":239,"column":0},"end":{"line":239,"column":0}},"239":{"start":{"line":240,"column":0},"end":{"line":240,"column":25}},"240":{"start":{"line":241,"column":0},"end":{"line":241,"column":20}},"241":{"start":{"line":242,"column":0},"end":{"line":242,"column":0}},"242":{"start":{"line":243,"column":0},"end":{"line":243,"column":14}},"243":{"start":{"line":244,"column":0},"end":{"line":244,"column":2}},"244":{"start":{"line":245,"column":0},"end":{"line":245,"column":0}},"245":{"start":{"line":246,"column":0},"end":{"line":246,"column":8}},"246":{"start":{"line":247,"column":0},"end":{"line":247,"column":23}},"247":{"start":{"line":248,"column":0},"end":{"line":248,"column":18}},"248":{"start":{"line":249,"column":0},"end":{"line":249,"column":26}},"249":{"start":{"line":250,"column":0},"end":{"line":250,"column":0}},"250":{"start":{"line":251,"column":0},"end":{"line":251,"column":19}},"251":{"start":{"line":252,"column":0},"end":{"line":252,"column":36}},"252":{"start":{"line":253,"column":0},"end":{"line":253,"column":26}},"253":{"start":{"line":254,"column":0},"end":{"line":254,"column":3}},"254":{"start":{"line":255,"column":0},"end":{"line":255,"column":0}},"255":{"start":{"line":256,"column":0},"end":{"line":256,"column":31}},"256":{"start":{"line":257,"column":0},"end":{"line":257,"column":2}},"257":{"start":{"line":258,"column":0},"end":{"line":258,"column":0}},"258":{"start":{"line":259,"column":0},"end":{"line":259,"column":8}},"259":{"start":{"line":260,"column":0},"end":{"line":260,"column":34}},"260":{"start":{"line":261,"column":0},"end":{"line":261,"column":17}},"261":{"start":{"line":262,"column":0},"end":{"line":262,"column":2}},"262":{"start":{"line":263,"column":0},"end":{"line":263,"column":0}},"263":{"start":{"line":264,"column":0},"end":{"line":264,"column":8}},"264":{"start":{"line":265,"column":0},"end":{"line":265,"column":34}},"265":{"start":{"line":266,"column":0},"end":{"line":266,"column":17}},"266":{"start":{"line":267,"column":0},"end":{"line":267,"column":2}},"267":{"start":{"line":268,"column":0},"end":{"line":268,"column":1}}},"s":{"0":1,"1":1,"2":1,"3":1,"4":1,"5":1,"6":1,"7":1,"8":1,"9":23,"10":23,"11":1,"12":1,"13":1,"14":22,"15":22,"16":1,"17":1,"18":1,"19":4,"20":4,"21":1,"22":1,"23":1,"24":8,"25":8,"26":1,"27":1,"28":4,"29":4,"30":4,"31":4,"32":4,"33":1,"34":1,"35":4,"36":1,"37":1,"38":1,"39":2,"40":2,"41":2,"42":1,"43":1,"44":2,"45":2,"46":2,"47":2,"48":1,"49":1,"50":2,"51":2,"52":2,"53":2,"54":1,"55":1,"56":1,"57":6,"58":6,"59":6,"60":2,"61":2,"62":2,"63":2,"64":2,"65":2,"66":4,"67":4,"68":4,"69":4,"70":4,"71":4,"72":4,"73":4,"74":1,"75":1,"76":1,"77":0,"78":0,"79":0,"80":0,"81":0,"82":0,"83":0,"84":0,"85":0,"86":0,"87":0,"88":0,"89":0,"90":0,"91":0,"92":0,"93":0,"94":0,"95":0,"96":0,"97":0,"98":0,"99":0,"100":0,"101":0,"102":0,"103":0,"104":0,"105":0,"106":0,"107":0,"108":0,"109":0,"110":0,"111":0,"112":0,"113":0,"114":1,"115":1,"116":1,"117":0,"118":0,"119":0,"120":0,"121":0,"122":0,"123":0,"124":0,"125":0,"126":0,"127":0,"128":0,"129":0,"130":0,"131":0,"132":0,"133":0,"134":0,"135":0,"136":0,"137":0,"138":0,"139":0,"140":0,"141":0,"142":0,"143":0,"144":0,"145":0,"146":0,"147":0,"148":1,"149":1,"150":1,"151":0,"152":0,"153":0,"154":0,"155":1,"156":1,"157":1,"158":0,"159":0,"160":0,"161":0,"162":0,"163":0,"164":0,"165":0,"166":0,"167":0,"168":0,"169":0,"170":0,"171":0,"172":0,"173":0,"174":0,"175":0,"176":0,"177":0,"178":1,"179":1,"180":1,"181":0,"182":0,"183":0,"184":0,"185":0,"186":0,"187":0,"188":0,"189":0,"190":0,"191":0,"192":0,"193":0,"194":0,"195":0,"196":0,"197":0,"198":0,"199":0,"200":0,"201":1,"202":1,"203":1,"204":0,"205":0,"206":0,"207":0,"208":0,"209":1,"210":1,"211":1,"212":0,"213":0,"214":0,"215":0,"216":0,"217":0,"218":0,"219":0,"220":0,"221":0,"222":0,"223":1,"224":1,"225":1,"226":0,"227":0,"228":0,"229":0,"230":0,"231":0,"232":0,"233":0,"234":0,"235":0,"236":0,"237":0,"238":0,"239":0,"240":0,"241":0,"242":0,"243":0,"244":1,"245":1,"246":1,"247":0,"248":0,"249":0,"250":0,"251":0,"252":0,"253":0,"254":0,"255":0,"256":0,"257":1,"258":1,"259":1,"260":8,"261":8,"262":1,"263":1,"264":1,"265":0,"266":0,"267":1},"branchMap":{"0":{"type":"branch","line":3,"loc":{"start":{"line":3,"column":0},"end":{"line":268,"column":1}},"locations":[{"start":{"line":3,"column":0},"end":{"line":268,"column":1}}]},"1":{"type":"branch","line":28,"loc":{"start":{"line":28,"column":1},"end":{"line":36,"column":2}},"locations":[{"start":{"line":28,"column":1},"end":{"line":36,"column":2}}]},"2":{"type":"branch","line":33,"loc":{"start":{"line":33,"column":13},"end":{"line":35,"column":3}},"locations":[{"start":{"line":33,"column":13},"end":{"line":35,"column":3}}]},"3":{"type":"branch","line":34,"loc":{"start":{"line":34,"column":17},"end":{"line":34,"column":32}},"locations":[{"start":{"line":34,"column":17},"end":{"line":34,"column":32}}]},"4":{"type":"branch","line":9,"loc":{"start":{"line":9,"column":1},"end":{"line":11,"column":2}},"locations":[{"start":{"line":9,"column":1},"end":{"line":11,"column":2}}]},"5":{"type":"branch","line":14,"loc":{"start":{"line":14,"column":1},"end":{"line":16,"column":2}},"locations":[{"start":{"line":14,"column":1},"end":{"line":16,"column":2}}]},"6":{"type":"branch","line":19,"loc":{"start":{"line":19,"column":1},"end":{"line":21,"column":2}},"locations":[{"start":{"line":19,"column":1},"end":{"line":21,"column":2}}]},"7":{"type":"branch","line":24,"loc":{"start":{"line":24,"column":1},"end":{"line":26,"column":2}},"locations":[{"start":{"line":24,"column":1},"end":{"line":26,"column":2}}]},"8":{"type":"branch","line":39,"loc":{"start":{"line":39,"column":1},"end":{"line":54,"column":2}},"locations":[{"start":{"line":39,"column":1},"end":{"line":54,"column":2}}]},"9":{"type":"branch","line":42,"loc":{"start":{"line":42,"column":17},"end":{"line":44,"column":3}},"locations":[{"start":{"line":42,"column":17},"end":{"line":44,"column":3}}]},"10":{"type":"branch","line":48,"loc":{"start":{"line":48,"column":18},"end":{"line":50,"column":3}},"locations":[{"start":{"line":48,"column":18},"end":{"line":50,"column":3}}]},"11":{"type":"branch","line":57,"loc":{"start":{"line":57,"column":1},"end":{"line":74,"column":2}},"locations":[{"start":{"line":57,"column":1},"end":{"line":74,"column":2}}]},"12":{"type":"branch","line":60,"loc":{"start":{"line":60,"column":18},"end":{"line":66,"column":3}},"locations":[{"start":{"line":60,"column":18},"end":{"line":66,"column":3}}]},"13":{"type":"branch","line":67,"loc":{"start":{"line":67,"column":-1},"end":{"line":74,"column":2}},"locations":[{"start":{"line":67,"column":-1},"end":{"line":74,"column":2}}]},"14":{"type":"branch","line":260,"loc":{"start":{"line":260,"column":1},"end":{"line":262,"column":2}},"locations":[{"start":{"line":260,"column":1},"end":{"line":262,"column":2}}]}},"b":{"0":[1],"1":[4],"2":[1],"3":[4],"4":[23],"5":[22],"6":[4],"7":[8],"8":[2],"9":[1],"10":[1],"11":[6],"12":[2],"13":[4],"14":[8]},"fnMap":{"0":{"name":"DoublyLinkedList","decl":{"start":{"line":28,"column":1},"end":{"line":36,"column":2}},"loc":{"start":{"line":28,"column":1},"end":{"line":36,"column":2}},"line":28},"1":{"name":"get","decl":{"start":{"line":9,"column":1},"end":{"line":11,"column":2}},"loc":{"start":{"line":9,"column":1},"end":{"line":11,"column":2}},"line":9},"2":{"name":"get","decl":{"start":{"line":14,"column":1},"end":{"line":16,"column":2}},"loc":{"start":{"line":14,"column":1},"end":{"line":16,"column":2}},"line":14},"3":{"name":"get","decl":{"start":{"line":19,"column":1},"end":{"line":21,"column":2}},"loc":{"start":{"line":19,"column":1},"end":{"line":21,"column":2}},"line":19},"4":{"name":"get","decl":{"start":{"line":24,"column":1},"end":{"line":26,"column":2}},"loc":{"start":{"line":24,"column":1},"end":{"line":26,"column":2}},"line":24},"5":{"name":"Object.<anonymous>.DoublyLinkedList.prepend","decl":{"start":{"line":39,"column":1},"end":{"line":54,"column":2}},"loc":{"start":{"line":39,"column":1},"end":{"line":54,"column":2}},"line":39},"6":{"name":"Object.<anonymous>.DoublyLinkedList.append","decl":{"start":{"line":57,"column":1},"end":{"line":74,"column":2}},"loc":{"start":{"line":57,"column":1},"end":{"line":74,"column":2}},"line":57},"7":{"name":"Object.<anonymous>.DoublyLinkedList.delete","decl":{"start":{"line":77,"column":1},"end":{"line":114,"column":2}},"loc":{"start":{"line":77,"column":1},"end":{"line":114,"column":2}},"line":77},"8":{"name":"Object.<anonymous>.DoublyLinkedList.deleteByIndex","decl":{"start":{"line":117,"column":1},"end":{"line":148,"column":2}},"loc":{"start":{"line":117,"column":1},"end":{"line":148,"column":2}},"line":117},"9":{"name":"Object.<anonymous>.DoublyLinkedList.clear","decl":{"start":{"line":151,"column":1},"end":{"line":155,"column":2}},"loc":{"start":{"line":151,"column":1},"end":{"line":155,"column":2}},"line":151},"10":{"name":"Object.<anonymous>.DoublyLinkedList.find","decl":{"start":{"line":158,"column":1},"end":{"line":178,"column":2}},"loc":{"start":{"line":158,"column":1},"end":{"line":178,"column":2}},"line":158},"11":{"name":"Object.<anonymous>.DoublyLinkedList.findIndex","decl":{"start":{"line":181,"column":1},"end":{"line":201,"column":2}},"loc":{"start":{"line":181,"column":1},"end":{"line":201,"column":2}},"line":181},"12":{"name":"Object.<anonymous>.DoublyLinkedList.toArray","decl":{"start":{"line":204,"column":1},"end":{"line":209,"column":2}},"loc":{"start":{"line":204,"column":1},"end":{"line":209,"column":2}},"line":204},"13":{"name":"Object.<anonymous>.DoublyLinkedList.traverse","decl":{"start":{"line":212,"column":1},"end":{"line":223,"column":2}},"loc":{"start":{"line":212,"column":1},"end":{"line":223,"column":2}},"line":212},"14":{"name":"Object.<anonymous>.DoublyLinkedList.reverse","decl":{"start":{"line":226,"column":1},"end":{"line":244,"column":2}},"loc":{"start":{"line":226,"column":1},"end":{"line":244,"column":2}},"line":226},"15":{"name":"Object.<anonymous>.DoublyLinkedList.print","decl":{"start":{"line":247,"column":1},"end":{"line":257,"column":2}},"loc":{"start":{"line":247,"column":1},"end":{"line":257,"column":2}},"line":247},"16":{"name":"Object.<anonymous>.DoublyLinkedList.incrementLength","decl":{"start":{"line":260,"column":1},"end":{"line":262,"column":2}},"loc":{"start":{"line":260,"column":1},"end":{"line":262,"column":2}},"line":260},"17":{"name":"Object.<anonymous>.DoublyLinkedList.decrementLength","decl":{"start":{"line":265,"column":1},"end":{"line":267,"column":2}},"loc":{"start":{"line":265,"column":1},"end":{"line":267,"column":2}},"line":265}},"f":{"0":4,"1":23,"2":22,"3":4,"4":8,"5":2,"6":6,"7":0,"8":0,"9":0,"10":0,"11":0,"12":0,"13":0,"14":0,"15":0,"16":8,"17":0}}
,"/Users/denishrunov/Программирование/javascript-data-structures/src/DoublyLinkedList/DoublyLinkedListNode/DoublyLinkedListNode.ts": {"path":"/Users/denishrunov/Программирование/javascript-data-structures/src/DoublyLinkedList/DoublyLinkedListNode/DoublyLinkedListNode.ts","all":false,"statementMap":{"0":{"start":{"line":1,"column":0},"end":{"line":1,"column":39}},"1":{"start":{"line":2,"column":0},"end":{"line":2,"column":0}},"2":{"start":{"line":3,"column":0},"end":{"line":3,"column":54}},"3":{"start":{"line":4,"column":0},"end":{"line":4,"column":49}},"4":{"start":{"line":5,"column":0},"end":{"line":5,"column":53}},"5":{"start":{"line":6,"column":0},"end":{"line":6,"column":0}},"6":{"start":{"line":7,"column":0},"end":{"line":7,"column":52}},"7":{"start":{"line":8,"column":0},"end":{"line":8,"column":20}},"8":{"start":{"line":9,"column":0},"end":{"line":9,"column":2}},"9":{"start":{"line":10,"column":0},"end":{"line":10,"column":0}},"10":{"start":{"line":11,"column":0},"end":{"line":11,"column":56}},"11":{"start":{"line":12,"column":0},"end":{"line":12,"column":20}},"12":{"start":{"line":13,"column":0},"end":{"line":13,"column":2}},"13":{"start":{"line":14,"column":0},"end":{"line":14,"column":0}},"14":{"start":{"line":15,"column":0},"end":{"line":15,"column":56}},"15":{"start":{"line":16,"column":0},"end":{"line":16,"column":24}},"16":{"start":{"line":17,"column":0},"end":{"line":17,"column":2}},"17":{"start":{"line":18,"column":0},"end":{"line":18,"column":0}},"18":{"start":{"line":19,"column":0},"end":{"line":19,"column":60}},"19":{"start":{"line":20,"column":0},"end":{"line":20,"column":24}},"20":{"start":{"line":21,"column":0},"end":{"line":21,"column":2}},"21":{"start":{"line":22,"column":0},"end":{"line":22,"column":0}},"22":{"start":{"line":23,"column":0},"end":{"line":23,"column":118}},"23":{"start":{"line":24,"column":0},"end":{"line":24,"column":20}},"24":{"start":{"line":25,"column":0},"end":{"line":25,"column":0}},"25":{"start":{"line":26,"column":0},"end":{"line":26,"column":20}},"26":{"start":{"line":27,"column":0},"end":{"line":27,"column":28}},"27":{"start":{"line":28,"column":0},"end":{"line":28,"column":2}},"28":{"start":{"line":29,"column":0},"end":{"line":29,"column":1}}},"s":{"0":1,"1":1,"2":2,"3":2,"4":2,"5":2,"6":2,"7":10,"8":10,"9":2,"10":2,"11":5,"12":5,"13":2,"14":2,"15":8,"16":8,"17":2,"18":2,"19":6,"20":6,"21":2,"22":2,"23":18,"24":18,"25":18,"26":18,"27":18,"28":2},"branchMap":{"0":{"type":"branch","line":3,"loc":{"start":{"line":3,"column":0},"end":{"line":29,"column":1}},"locations":[{"start":{"line":3,"column":0},"end":{"line":29,"column":1}}]},"1":{"type":"branch","line":23,"loc":{"start":{"line":23,"column":1},"end":{"line":28,"column":2}},"locations":[{"start":{"line":23,"column":1},"end":{"line":28,"column":2}}]},"2":{"type":"branch","line":23,"loc":{"start":{"line":23,"column":23},"end":{"line":23,"column":68}},"locations":[{"start":{"line":23,"column":23},"end":{"line":23,"column":68}}]},"3":{"type":"branch","line":23,"loc":{"start":{"line":23,"column":68},"end":{"line":23,"column":118}},"locations":[{"start":{"line":23,"column":68},"end":{"line":23,"column":118}}]},"4":{"type":"branch","line":7,"loc":{"start":{"line":7,"column":1},"end":{"line":9,"column":2}},"locations":[{"start":{"line":7,"column":1},"end":{"line":9,"column":2}}]},"5":{"type":"branch","line":11,"loc":{"start":{"line":11,"column":1},"end":{"line":13,"column":2}},"locations":[{"start":{"line":11,"column":1},"end":{"line":13,"column":2}}]},"6":{"type":"branch","line":15,"loc":{"start":{"line":15,"column":1},"end":{"line":17,"column":2}},"locations":[{"start":{"line":15,"column":1},"end":{"line":17,"column":2}}]},"7":{"type":"branch","line":19,"loc":{"start":{"line":19,"column":1},"end":{"line":21,"column":2}},"locations":[{"start":{"line":19,"column":1},"end":{"line":21,"column":2}}]}},"b":{"0":[2],"1":[18],"2":[14],"3":[15],"4":[10],"5":[5],"6":[8],"7":[6]},"fnMap":{"0":{"name":"DoublyLinkedListNode","decl":{"start":{"line":23,"column":1},"end":{"line":28,"column":2}},"loc":{"start":{"line":23,"column":1},"end":{"line":28,"column":2}},"line":23},"1":{"name":"get","decl":{"start":{"line":7,"column":1},"end":{"line":9,"column":2}},"loc":{"start":{"line":7,"column":1},"end":{"line":9,"column":2}},"line":7},"2":{"name":"set","decl":{"start":{"line":11,"column":1},"end":{"line":13,"column":2}},"loc":{"start":{"line":11,"column":1},"end":{"line":13,"column":2}},"line":11},"3":{"name":"get","decl":{"start":{"line":15,"column":1},"end":{"line":17,"column":2}},"loc":{"start":{"line":15,"column":1},"end":{"line":17,"column":2}},"line":15},"4":{"name":"set","decl":{"start":{"line":19,"column":1},"end":{"line":21,"column":2}},"loc":{"start":{"line":19,"column":1},"end":{"line":21,"column":2}},"line":19}},"f":{"0":18,"1":10,"2":5,"3":8,"4":6}}
,"/Users/denishrunov/Программирование/javascript-data-structures/src/LinkedList/LinkedList.ts": {"path":"/Users/denishrunov/Программирование/javascript-data-structures/src/LinkedList/LinkedList.ts","all":false,"statementMap":{"0":{"start":{"line":1,"column":0},"end":{"line":1,"column":65}},"1":{"start":{"line":2,"column":0},"end":{"line":2,"column":0}},"2":{"start":{"line":3,"column":0},"end":{"line":3,"column":28}},"3":{"start":{"line":4,"column":0},"end":{"line":4,"column":41}},"4":{"start":{"line":5,"column":0},"end":{"line":5,"column":41}},"5":{"start":{"line":6,"column":0},"end":{"line":6,"column":25}},"6":{"start":{"line":7,"column":0},"end":{"line":7,"column":0}},"7":{"start":{"line":8,"column":0},"end":{"line":8,"column":8}},"8":{"start":{"line":9,"column":0},"end":{"line":9,"column":46}},"9":{"start":{"line":10,"column":0},"end":{"line":10,"column":20}},"10":{"start":{"line":11,"column":0},"end":{"line":11,"column":2}},"11":{"start":{"line":12,"column":0},"end":{"line":12,"column":0}},"12":{"start":{"line":13,"column":0},"end":{"line":13,"column":8}},"13":{"start":{"line":14,"column":0},"end":{"line":14,"column":46}},"14":{"start":{"line":15,"column":0},"end":{"line":15,"column":20}},"15":{"start":{"line":16,"column":0},"end":{"line":16,"column":2}},"16":{"start":{"line":17,"column":0},"end":{"line":17,"column":0}},"17":{"start":{"line":18,"column":0},"end":{"line":18,"column":8}},"18":{"start":{"line":19,"column":0},"end":{"line":19,"column":32}},"19":{"start":{"line":20,"column":0},"end":{"line":20,"column":27}},"20":{"start":{"line":21,"column":0},"end":{"line":21,"column":2}},"21":{"start":{"line":22,"column":0},"end":{"line":22,"column":0}},"22":{"start":{"line":23,"column":0},"end":{"line":23,"column":8}},"23":{"start":{"line":24,"column":0},"end":{"line":24,"column":30}},"24":{"start":{"line":25,"column":0},"end":{"line":25,"column":22}},"25":{"start":{"line":26,"column":0},"end":{"line":26,"column":2}},"26":{"start":{"line":27,"column":0},"end":{"line":27,"column":0}},"27":{"start":{"line":28,"column":0},"end":{"line":28,"column":27}},"28":{"start":{"line":29,"column":0},"end":{"line":29,"column":20}},"29":{"start":{"line":30,"column":0},"end":{"line":30,"column":20}},"30":{"start":{"line":31,"column":0},"end":{"line":31,"column":19}},"31":{"start":{"line":32,"column":0},"end":{"line":32,"column":0}},"32":{"start":{"line":33,"column":0},"end":{"line":33,"column":14}},"33":{"start":{"line":34,"column":0},"end":{"line":34,"column":48}},"34":{"start":{"line":35,"column":0},"end":{"line":35,"column":3}},"35":{"start":{"line":36,"column":0},"end":{"line":36,"column":2}},"36":{"start":{"line":37,"column":0},"end":{"line":37,"column":0}},"37":{"start":{"line":38,"column":0},"end":{"line":38,"column":8}},"38":{"start":{"line":39,"column":0},"end":{"line":39,"column":45}},"39":{"start":{"line":40,"column":0},"end":{"line":40,"column":42}},"40":{"start":{"line":41,"column":0},"end":{"line":41,"column":15}},"41":{"start":{"line":42,"column":0},"end":{"line":42,"column":3}},"42":{"start":{"line":43,"column":0},"end":{"line":43,"column":0}},"43":{"start":{"line":44,"column":0},"end":{"line":44,"column":26}},"44":{"start":{"line":45,"column":0},"end":{"line":45,"column":0}},"45":{"start":{"line":46,"column":0},"end":{"line":46,"column":35}},"46":{"start":{"line":47,"column":0},"end":{"line":47,"column":27}},"47":{"start":{"line":48,"column":0},"end":{"line":48,"column":3}},"48":{"start":{"line":49,"column":0},"end":{"line":49,"column":0}},"49":{"start":{"line":50,"column":0},"end":{"line":50,"column":24}},"50":{"start":{"line":51,"column":0},"end":{"line":51,"column":2}},"51":{"start":{"line":52,"column":0},"end":{"line":52,"column":0}},"52":{"start":{"line":53,"column":0},"end":{"line":53,"column":8}},"53":{"start":{"line":54,"column":0},"end":{"line":54,"column":42}},"54":{"start":{"line":55,"column":0},"end":{"line":55,"column":52}},"55":{"start":{"line":56,"column":0},"end":{"line":56,"column":0}},"56":{"start":{"line":57,"column":0},"end":{"line":57,"column":20}},"57":{"start":{"line":58,"column":0},"end":{"line":58,"column":0}},"58":{"start":{"line":59,"column":0},"end":{"line":59,"column":19}},"59":{"start":{"line":60,"column":0},"end":{"line":60,"column":21}},"60":{"start":{"line":61,"column":0},"end":{"line":61,"column":3}},"61":{"start":{"line":62,"column":0},"end":{"line":62,"column":0}},"62":{"start":{"line":63,"column":0},"end":{"line":63,"column":25}},"63":{"start":{"line":64,"column":0},"end":{"line":64,"column":14}},"64":{"start":{"line":65,"column":0},"end":{"line":65,"column":2}},"65":{"start":{"line":66,"column":0},"end":{"line":66,"column":0}},"66":{"start":{"line":67,"column":0},"end":{"line":67,"column":8}},"67":{"start":{"line":68,"column":0},"end":{"line":68,"column":41}},"68":{"start":{"line":69,"column":0},"end":{"line":69,"column":41}},"69":{"start":{"line":70,"column":0},"end":{"line":70,"column":0}},"70":{"start":{"line":71,"column":0},"end":{"line":71,"column":19}},"71":{"start":{"line":72,"column":0},"end":{"line":72,"column":21}},"72":{"start":{"line":73,"column":0},"end":{"line":73,"column":21}},"73":{"start":{"line":74,"column":0},"end":{"line":74,"column":0}},"74":{"start":{"line":75,"column":0},"end":{"line":75,"column":26}},"75":{"start":{"line":76,"column":0},"end":{"line":76,"column":15}},"76":{"start":{"line":77,"column":0},"end":{"line":77,"column":3}},"77":{"start":{"line":78,"column":0},"end":{"line":78,"column":0}},"78":{"start":{"line":79,"column":0},"end":{"line":79,"column":25}},"79":{"start":{"line":80,"column":0},"end":{"line":80,"column":20}},"80":{"start":{"line":81,"column":0},"end":{"line":81,"column":0}},"81":{"start":{"line":82,"column":0},"end":{"line":82,"column":25}},"82":{"start":{"line":83,"column":0},"end":{"line":83,"column":14}},"83":{"start":{"line":84,"column":0},"end":{"line":84,"column":2}},"84":{"start":{"line":85,"column":0},"end":{"line":85,"column":0}},"85":{"start":{"line":86,"column":0},"end":{"line":86,"column":8}},"86":{"start":{"line":87,"column":0},"end":{"line":87,"column":63}},"87":{"start":{"line":88,"column":0},"end":{"line":88,"column":42}},"88":{"start":{"line":89,"column":0},"end":{"line":89,"column":15}},"89":{"start":{"line":90,"column":0},"end":{"line":90,"column":3}},"90":{"start":{"line":91,"column":0},"end":{"line":91,"column":0}},"91":{"start":{"line":92,"column":0},"end":{"line":92,"column":20}},"92":{"start":{"line":93,"column":0},"end":{"line":93,"column":30}},"93":{"start":{"line":94,"column":0},"end":{"line":94,"column":3}},"94":{"start":{"line":95,"column":0},"end":{"line":95,"column":0}},"95":{"start":{"line":96,"column":0},"end":{"line":96,"column":34}},"96":{"start":{"line":97,"column":0},"end":{"line":97,"column":29}},"97":{"start":{"line":98,"column":0},"end":{"line":98,"column":3}},"98":{"start":{"line":99,"column":0},"end":{"line":99,"column":0}},"99":{"start":{"line":100,"column":0},"end":{"line":100,"column":56}},"100":{"start":{"line":101,"column":0},"end":{"line":101,"column":0}},"101":{"start":{"line":102,"column":0},"end":{"line":102,"column":54}},"102":{"start":{"line":103,"column":0},"end":{"line":103,"column":21}},"103":{"start":{"line":104,"column":0},"end":{"line":104,"column":25}},"104":{"start":{"line":105,"column":0},"end":{"line":105,"column":0}},"105":{"start":{"line":106,"column":0},"end":{"line":106,"column":14}},"106":{"start":{"line":107,"column":0},"end":{"line":107,"column":2}},"107":{"start":{"line":108,"column":0},"end":{"line":108,"column":0}},"108":{"start":{"line":109,"column":0},"end":{"line":109,"column":8}},"109":{"start":{"line":110,"column":0},"end":{"line":110,"column":41}},"110":{"start":{"line":111,"column":0},"end":{"line":111,"column":19}},"111":{"start":{"line":112,"column":0},"end":{"line":112,"column":15}},"112":{"start":{"line":113,"column":0},"end":{"line":113,"column":3}},"113":{"start":{"line":114,"column":0},"end":{"line":114,"column":0}},"114":{"start":{"line":115,"column":0},"end":{"line":115,"column":50}},"115":{"start":{"line":116,"column":0},"end":{"line":116,"column":31}},"116":{"start":{"line":117,"column":0},"end":{"line":117,"column":26}},"117":{"start":{"line":118,"column":0},"end":{"line":118,"column":3}},"118":{"start":{"line":119,"column":0},"end":{"line":119,"column":0}},"119":{"start":{"line":120,"column":0},"end":{"line":120,"column":26}},"120":{"start":{"line":121,"column":0},"end":{"line":121,"column":24}},"121":{"start":{"line":122,"column":0},"end":{"line":122,"column":38}},"122":{"start":{"line":123,"column":0},"end":{"line":123,"column":37}},"123":{"start":{"line":124,"column":0},"end":{"line":124,"column":27}},"124":{"start":{"line":125,"column":0},"end":{"line":125,"column":11}},"125":{"start":{"line":126,"column":0},"end":{"line":126,"column":27}},"126":{"start":{"line":127,"column":0},"end":{"line":127,"column":4}},"127":{"start":{"line":128,"column":0},"end":{"line":128,"column":3}},"128":{"start":{"line":129,"column":0},"end":{"line":129,"column":0}},"129":{"start":{"line":130,"column":0},"end":{"line":130,"column":47}},"130":{"start":{"line":131,"column":0},"end":{"line":131,"column":24}},"131":{"start":{"line":132,"column":0},"end":{"line":132,"column":3}},"132":{"start":{"line":133,"column":0},"end":{"line":133,"column":0}},"133":{"start":{"line":134,"column":0},"end":{"line":134,"column":14}},"134":{"start":{"line":135,"column":0},"end":{"line":135,"column":2}},"135":{"start":{"line":136,"column":0},"end":{"line":136,"column":0}},"136":{"start":{"line":137,"column":0},"end":{"line":137,"column":8}},"137":{"start":{"line":138,"column":0},"end":{"line":138,"column":53}},"138":{"start":{"line":139,"column":0},"end":{"line":139,"column":42}},"139":{"start":{"line":140,"column":0},"end":{"line":140,"column":15}},"140":{"start":{"line":141,"column":0},"end":{"line":141,"column":3}},"141":{"start":{"line":142,"column":0},"end":{"line":142,"column":0}},"142":{"start":{"line":143,"column":0},"end":{"line":143,"column":33}},"143":{"start":{"line":144,"column":0},"end":{"line":144,"column":31}},"144":{"start":{"line":145,"column":0},"end":{"line":145,"column":26}},"145":{"start":{"line":146,"column":0},"end":{"line":146,"column":15}},"146":{"start":{"line":147,"column":0},"end":{"line":147,"column":3}},"147":{"start":{"line":148,"column":0},"end":{"line":148,"column":0}},"148":{"start":{"line":149,"column":0},"end":{"line":149,"column":26}},"149":{"start":{"line":150,"column":0},"end":{"line":150,"column":44}},"150":{"start":{"line":151,"column":0},"end":{"line":151,"column":12}},"151":{"start":{"line":152,"column":0},"end":{"line":152,"column":0}},"152":{"start":{"line":153,"column":0},"end":{"line":153,"column":21}},"153":{"start":{"line":154,"column":0},"end":{"line":154,"column":18}},"154":{"start":{"line":155,"column":0},"end":{"line":155,"column":43}},"155":{"start":{"line":156,"column":0},"end":{"line":156,"column":7}},"156":{"start":{"line":157,"column":0},"end":{"line":157,"column":3}},"157":{"start":{"line":158,"column":0},"end":{"line":158,"column":0}},"158":{"start":{"line":159,"column":0},"end":{"line":159,"column":24}},"159":{"start":{"line":160,"column":0},"end":{"line":160,"column":28}},"160":{"start":{"line":161,"column":0},"end":{"line":161,"column":26}},"161":{"start":{"line":162,"column":0},"end":{"line":162,"column":3}},"162":{"start":{"line":163,"column":0},"end":{"line":163,"column":0}},"163":{"start":{"line":164,"column":0},"end":{"line":164,"column":30}},"164":{"start":{"line":165,"column":0},"end":{"line":165,"column":21}},"165":{"start":{"line":166,"column":0},"end":{"line":166,"column":3}},"166":{"start":{"line":167,"column":0},"end":{"line":167,"column":0}},"167":{"start":{"line":168,"column":0},"end":{"line":168,"column":14}},"168":{"start":{"line":169,"column":0},"end":{"line":169,"column":2}},"169":{"start":{"line":170,"column":0},"end":{"line":170,"column":0}},"170":{"start":{"line":171,"column":0},"end":{"line":171,"column":8}},"171":{"start":{"line":172,"column":0},"end":{"line":172,"column":23}},"172":{"start":{"line":173,"column":0},"end":{"line":173,"column":20}},"173":{"start":{"line":174,"column":0},"end":{"line":174,"column":20}},"174":{"start":{"line":175,"column":0},"end":{"line":175,"column":19}},"175":{"start":{"line":176,"column":0},"end":{"line":176,"column":2}},"176":{"start":{"line":177,"column":0},"end":{"line":177,"column":0}},"177":{"start":{"line":178,"column":0},"end":{"line":178,"column":8}},"178":{"start":{"line":179,"column":0},"end":{"line":179,"column":13}},"179":{"start":{"line":180,"column":0},"end":{"line":180,"column":65}},"180":{"start":{"line":181,"column":0},"end":{"line":181,"column":30}},"181":{"start":{"line":182,"column":0},"end":{"line":182,"column":19}},"182":{"start":{"line":183,"column":0},"end":{"line":183,"column":15}},"183":{"start":{"line":184,"column":0},"end":{"line":184,"column":3}},"184":{"start":{"line":185,"column":0},"end":{"line":185,"column":0}},"185":{"start":{"line":186,"column":0},"end":{"line":186,"column":52}},"186":{"start":{"line":187,"column":0},"end":{"line":187,"column":16}},"187":{"start":{"line":188,"column":0},"end":{"line":188,"column":0}},"188":{"start":{"line":189,"column":0},"end":{"line":189,"column":19}},"189":{"start":{"line":190,"column":0},"end":{"line":190,"column":35}},"190":{"start":{"line":191,"column":0},"end":{"line":191,"column":19}},"191":{"start":{"line":192,"column":0},"end":{"line":192,"column":4}},"192":{"start":{"line":193,"column":0},"end":{"line":193,"column":0}},"193":{"start":{"line":194,"column":0},"end":{"line":194,"column":26}},"194":{"start":{"line":195,"column":0},"end":{"line":195,"column":11}},"195":{"start":{"line":196,"column":0},"end":{"line":196,"column":3}},"196":{"start":{"line":197,"column":0},"end":{"line":197,"column":0}},"197":{"start":{"line":198,"column":0},"end":{"line":198,"column":14}},"198":{"start":{"line":199,"column":0},"end":{"line":199,"column":2}},"199":{"start":{"line":200,"column":0},"end":{"line":200,"column":0}},"200":{"start":{"line":201,"column":0},"end":{"line":201,"column":8}},"201":{"start":{"line":202,"column":0},"end":{"line":202,"column":18}},"202":{"start":{"line":203,"column":0},"end":{"line":203,"column":49}},"203":{"start":{"line":204,"column":0},"end":{"line":204,"column":12}},"204":{"start":{"line":205,"column":0},"end":{"line":205,"column":19}},"205":{"start":{"line":206,"column":0},"end":{"line":206,"column":13}},"206":{"start":{"line":207,"column":0},"end":{"line":207,"column":3}},"207":{"start":{"line":208,"column":0},"end":{"line":208,"column":0}},"208":{"start":{"line":209,"column":0},"end":{"line":209,"column":52}},"209":{"start":{"line":210,"column":0},"end":{"line":210,"column":16}},"210":{"start":{"line":211,"column":0},"end":{"line":211,"column":0}},"211":{"start":{"line":212,"column":0},"end":{"line":212,"column":19}},"212":{"start":{"line":213,"column":0},"end":{"line":213,"column":28}},"213":{"start":{"line":214,"column":0},"end":{"line":214,"column":17}},"214":{"start":{"line":215,"column":0},"end":{"line":215,"column":4}},"215":{"start":{"line":216,"column":0},"end":{"line":216,"column":0}},"216":{"start":{"line":217,"column":0},"end":{"line":217,"column":26}},"217":{"start":{"line":218,"column":0},"end":{"line":218,"column":11}},"218":{"start":{"line":219,"column":0},"end":{"line":219,"column":3}},"219":{"start":{"line":220,"column":0},"end":{"line":220,"column":0}},"220":{"start":{"line":221,"column":0},"end":{"line":221,"column":12}},"221":{"start":{"line":222,"column":0},"end":{"line":222,"column":2}},"222":{"start":{"line":223,"column":0},"end":{"line":223,"column":0}},"223":{"start":{"line":224,"column":0},"end":{"line":224,"column":8}},"224":{"start":{"line":225,"column":0},"end":{"line":225,"column":24}},"225":{"start":{"line":226,"column":0},"end":{"line":226,"column":25}},"226":{"start":{"line":227,"column":0},"end":{"line":227,"column":51}},"227":{"start":{"line":228,"column":0},"end":{"line":228,"column":0}},"228":{"start":{"line":229,"column":0},"end":{"line":229,"column":16}},"229":{"start":{"line":230,"column":0},"end":{"line":230,"column":2}},"230":{"start":{"line":231,"column":0},"end":{"line":231,"column":0}},"231":{"start":{"line":232,"column":0},"end":{"line":232,"column":8}},"232":{"start":{"line":233,"column":0},"end":{"line":233,"column":17}},"233":{"start":{"line":234,"column":0},"end":{"line":234,"column":61}},"234":{"start":{"line":235,"column":0},"end":{"line":235,"column":10}},"235":{"start":{"line":236,"column":0},"end":{"line":236,"column":26}},"236":{"start":{"line":237,"column":0},"end":{"line":237,"column":16}},"237":{"start":{"line":238,"column":0},"end":{"line":238,"column":0}},"238":{"start":{"line":239,"column":0},"end":{"line":239,"column":19}},"239":{"start":{"line":240,"column":0},"end":{"line":240,"column":28}},"240":{"start":{"line":241,"column":0},"end":{"line":241,"column":26}},"241":{"start":{"line":242,"column":0},"end":{"line":242,"column":11}},"242":{"start":{"line":243,"column":0},"end":{"line":243,"column":3}},"243":{"start":{"line":244,"column":0},"end":{"line":244,"column":2}},"244":{"start":{"line":245,"column":0},"end":{"line":245,"column":0}},"245":{"start":{"line":246,"column":0},"end":{"line":246,"column":8}},"246":{"start":{"line":247,"column":0},"end":{"line":247,"column":34}},"247":{"start":{"line":248,"column":0},"end":{"line":248,"column":26}},"248":{"start":{"line":249,"column":0},"end":{"line":249,"column":18}},"249":{"start":{"line":250,"column":0},"end":{"line":250,"column":18}},"250":{"start":{"line":251,"column":0},"end":{"line":251,"column":0}},"251":{"start":{"line":252,"column":0},"end":{"line":252,"column":19}},"252":{"start":{"line":253,"column":0},"end":{"line":253,"column":23}},"253":{"start":{"line":254,"column":0},"end":{"line":254,"column":0}},"254":{"start":{"line":255,"column":0},"end":{"line":255,"column":23}},"255":{"start":{"line":256,"column":0},"end":{"line":256,"column":0}},"256":{"start":{"line":257,"column":0},"end":{"line":257,"column":18}},"257":{"start":{"line":258,"column":0},"end":{"line":258,"column":18}},"258":{"start":{"line":259,"column":0},"end":{"line":259,"column":3}},"259":{"start":{"line":260,"column":0},"end":{"line":260,"column":0}},"260":{"start":{"line":261,"column":0},"end":{"line":261,"column":25}},"261":{"start":{"line":262,"column":0},"end":{"line":262,"column":20}},"262":{"start":{"line":263,"column":0},"end":{"line":263,"column":0}},"263":{"start":{"line":264,"column":0},"end":{"line":264,"column":14}},"264":{"start":{"line":265,"column":0},"end":{"line":265,"column":2}},"265":{"start":{"line":266,"column":0},"end":{"line":266,"column":0}},"266":{"start":{"line":267,"column":0},"end":{"line":267,"column":8}},"267":{"start":{"line":268,"column":0},"end":{"line":268,"column":23}},"268":{"start":{"line":269,"column":0},"end":{"line":269,"column":18}},"269":{"start":{"line":270,"column":0},"end":{"line":270,"column":26}},"270":{"start":{"line":271,"column":0},"end":{"line":271,"column":0}},"271":{"start":{"line":272,"column":0},"end":{"line":272,"column":19}},"272":{"start":{"line":273,"column":0},"end":{"line":273,"column":36}},"273":{"start":{"line":274,"column":0},"end":{"line":274,"column":26}},"274":{"start":{"line":275,"column":0},"end":{"line":275,"column":3}},"275":{"start":{"line":276,"column":0},"end":{"line":276,"column":0}},"276":{"start":{"line":277,"column":0},"end":{"line":277,"column":31}},"277":{"start":{"line":278,"column":0},"end":{"line":278,"column":2}},"278":{"start":{"line":279,"column":0},"end":{"line":279,"column":0}},"279":{"start":{"line":280,"column":0},"end":{"line":280,"column":8}},"280":{"start":{"line":281,"column":0},"end":{"line":281,"column":34}},"281":{"start":{"line":282,"column":0},"end":{"line":282,"column":17}},"282":{"start":{"line":283,"column":0},"end":{"line":283,"column":2}},"283":{"start":{"line":284,"column":0},"end":{"line":284,"column":0}},"284":{"start":{"line":285,"column":0},"end":{"line":285,"column":8}},"285":{"start":{"line":286,"column":0},"end":{"line":286,"column":34}},"286":{"start":{"line":287,"column":0},"end":{"line":287,"column":17}},"287":{"start":{"line":288,"column":0},"end":{"line":288,"column":2}},"288":{"start":{"line":289,"column":0},"end":{"line":289,"column":1}}},"s":{"0":1,"1":1,"2":2,"3":2,"4":2,"5":2,"6":2,"7":2,"8":2,"9":291,"10":291,"11":2,"12":2,"13":2,"14":158,"15":158,"16":2,"17":2,"18":2,"19":2,"20":2,"21":2,"22":2,"23":2,"24":73,"25":73,"26":2,"27":2,"28":54,"29":54,"30":54,"31":54,"32":54,"33":34,"34":34,"35":54,"36":2,"37":2,"38":2,"39":4,"40":2,"41":2,"42":2,"43":2,"44":2,"45":2,"46":2,"47":2,"48":2,"49":2,"50":2,"51":2,"52":2,"53":2,"54":3,"55":3,"56":3,"57":3,"58":3,"59":1,"60":1,"61":3,"62":3,"63":3,"64":3,"65":2,"66":2,"67":2,"68":168,"69":168,"70":168,"71":41,"72":41,"73":41,"74":41,"75":41,"76":41,"77":127,"78":127,"79":127,"80":127,"81":127,"82":127,"83":127,"84":2,"85":2,"86":2,"87":5,"88":2,"89":2,"90":3,"91":5,"92":1,"93":1,"94":2,"95":5,"96":1,"97":1,"98":1,"99":1,"100":1,"101":1,"102":1,"103":1,"104":1,"105":1,"106":1,"107":2,"108":2,"109":2,"110":4,"111":1,"112":1,"113":3,"114":4,"115":4,"116":4,"117":4,"118":3,"119":3,"120":4,"121":12,"122":6,"123":6,"124":6,"125":6,"126":6,"127":12,"128":3,"129":4,"130":1,"131":1,"132":3,"133":3,"134":3,"135":2,"136":2,"137":2,"138":7,"139":3,"140":3,"141":4,"142":7,"143":2,"144":2,"145":2,"146":2,"147":2,"148":2,"149":2,"150":2,"151":2,"152":6,"153":5,"154":5,"155":5,"156":5,"157":2,"158":7,"159":2,"160":2,"161":2,"162":2,"163":6,"164":1,"165":1,"166":2,"167":2,"168":2,"169":2,"170":2,"171":2,"172":2,"173":2,"174":2,"175":2,"176":2,"177":2,"178":2,"179":18,"180":18,"181":18,"182":2,"183":2,"184":16,"185":16,"186":16,"187":16,"188":18,"189":53,"190":10,"191":10,"192":43,"193":43,"194":43,"195":43,"196":6,"197":6,"198":6,"199":2,"200":2,"201":2,"202":6,"203":6,"204":6,"205":2,"206":2,"207":4,"208":4,"209":4,"210":4,"211":6,"212":14,"213":2,"214":2,"215":12,"216":12,"217":12,"218":12,"219":2,"220":2,"221":2,"222":2,"223":2,"224":2,"225":3,"226":3,"227":3,"228":3,"229":3,"230":2,"231":2,"232":2,"233":5,"234":5,"235":5,"236":5,"237":5,"238":5,"239":12,"240":12,"241":12,"242":12,"243":5,"244":2,"245":2,"246":2,"247":1,"248":1,"249":1,"250":1,"251":1,"252":4,"253":4,"254":4,"255":4,"256":4,"257":4,"258":4,"259":1,"260":1,"261":1,"262":1,"263":1,"264":1,"265":2,"266":2,"267":2,"268":1,"269":1,"270":1,"271":1,"272":4,"273":4,"274":4,"275":1,"276":1,"277":1,"278":2,"279":2,"280":2,"281":172,"282":172,"283":2,"284":2,"285":2,"286":14,"287":14,"288":2},"branchMap":{"0":{"type":"branch","line":3,"loc":{"start":{"line":3,"column":0},"end":{"line":289,"column":1}},"locations":[{"start":{"line":3,"column":0},"end":{"line":289,"column":1}}]},"1":{"type":"branch","line":28,"loc":{"start":{"line":28,"column":1},"end":{"line":36,"column":2}},"locations":[{"start":{"line":28,"column":1},"end":{"line":36,"column":2}}]},"2":{"type":"branch","line":33,"loc":{"start":{"line":33,"column":13},"end":{"line":35,"column":3}},"locations":[{"start":{"line":33,"column":13},"end":{"line":35,"column":3}}]},"3":{"type":"branch","line":34,"loc":{"start":{"line":34,"column":17},"end":{"line":34,"column":32}},"locations":[{"start":{"line":34,"column":17},"end":{"line":34,"column":32}}]},"4":{"type":"branch","line":9,"loc":{"start":{"line":9,"column":1},"end":{"line":11,"column":2}},"locations":[{"start":{"line":9,"column":1},"end":{"line":11,"column":2}}]},"5":{"type":"branch","line":14,"loc":{"start":{"line":14,"column":1},"end":{"line":16,"column":2}},"locations":[{"start":{"line":14,"column":1},"end":{"line":16,"column":2}}]},"6":{"type":"branch","line":19,"loc":{"start":{"line":19,"column":1},"end":{"line":21,"column":2}},"locations":[{"start":{"line":19,"column":1},"end":{"line":21,"column":2}}]},"7":{"type":"branch","line":24,"loc":{"start":{"line":24,"column":1},"end":{"line":26,"column":2}},"locations":[{"start":{"line":24,"column":1},"end":{"line":26,"column":2}}]},"8":{"type":"branch","line":39,"loc":{"start":{"line":39,"column":1},"end":{"line":51,"column":2}},"locations":[{"start":{"line":39,"column":1},"end":{"line":51,"column":2}}]},"9":{"type":"branch","line":40,"loc":{"start":{"line":40,"column":15},"end":{"line":40,"column":39}},"locations":[{"start":{"line":40,"column":15},"end":{"line":40,"column":39}}]},"10":{"type":"branch","line":40,"loc":{"start":{"line":40,"column":41},"end":{"line":51,"column":2}},"locations":[{"start":{"line":40,"column":41},"end":{"line":51,"column":2}}]},"11":{"type":"branch","line":54,"loc":{"start":{"line":54,"column":1},"end":{"line":65,"column":2}},"locations":[{"start":{"line":54,"column":1},"end":{"line":65,"column":2}}]},"12":{"type":"branch","line":59,"loc":{"start":{"line":59,"column":18},"end":{"line":61,"column":3}},"locations":[{"start":{"line":59,"column":18},"end":{"line":61,"column":3}}]},"13":{"type":"branch","line":68,"loc":{"start":{"line":68,"column":1},"end":{"line":84,"column":2}},"locations":[{"start":{"line":68,"column":1},"end":{"line":84,"column":2}}]},"14":{"type":"branch","line":71,"loc":{"start":{"line":71,"column":18},"end":{"line":77,"column":3}},"locations":[{"start":{"line":71,"column":18},"end":{"line":77,"column":3}}]},"15":{"type":"branch","line":78,"loc":{"start":{"line":78,"column":-1},"end":{"line":84,"column":2}},"locations":[{"start":{"line":78,"column":-1},"end":{"line":84,"column":2}}]},"16":{"type":"branch","line":87,"loc":{"start":{"line":87,"column":1},"end":{"line":107,"column":2}},"locations":[{"start":{"line":87,"column":1},"end":{"line":107,"column":2}}]},"17":{"type":"branch","line":88,"loc":{"start":{"line":88,"column":15},"end":{"line":88,"column":39}},"locations":[{"start":{"line":88,"column":15},"end":{"line":88,"column":39}}]},"18":{"type":"branch","line":88,"loc":{"start":{"line":88,"column":41},"end":{"line":90,"column":3}},"locations":[{"start":{"line":88,"column":41},"end":{"line":90,"column":3}}]},"19":{"type":"branch","line":91,"loc":{"start":{"line":91,"column":-1},"end":{"line":92,"column":19}},"locations":[{"start":{"line":91,"column":-1},"end":{"line":92,"column":19}}]},"20":{"type":"branch","line":92,"loc":{"start":{"line":92,"column":19},"end":{"line":94,"column":3}},"locations":[{"start":{"line":92,"column":19},"end":{"line":94,"column":3}}]},"21":{"type":"branch","line":95,"loc":{"start":{"line":95,"column":-1},"end":{"line":96,"column":33}},"locations":[{"start":{"line":95,"column":-1},"end":{"line":96,"column":33}}]},"22":{"type":"branch","line":96,"loc":{"start":{"line":96,"column":33},"end":{"line":107,"column":2}},"locations":[{"start":{"line":96,"column":33},"end":{"line":107,"column":2}}]},"23":{"type":"branch","line":100,"loc":{"start":{"line":100,"column":26},"end":{"line":100,"column":40}},"locations":[{"start":{"line":100,"column":26},"end":{"line":100,"column":40}}]},"24":{"type":"branch","line":110,"loc":{"start":{"line":110,"column":1},"end":{"line":135,"column":2}},"locations":[{"start":{"line":110,"column":1},"end":{"line":135,"column":2}}]},"25":{"type":"branch","line":111,"loc":{"start":{"line":111,"column":18},"end":{"line":113,"column":3}},"locations":[{"start":{"line":111,"column":18},"end":{"line":113,"column":3}}]},"26":{"type":"branch","line":114,"loc":{"start":{"line":114,"column":-1},"end":{"line":115,"column":22}},"locations":[{"start":{"line":114,"column":-1},"end":{"line":115,"column":22}}]},"27":{"type":"branch","line":115,"loc":{"start":{"line":115,"column":18},"end":{"line":115,"column":47}},"locations":[{"start":{"line":115,"column":18},"end":{"line":115,"column":47}}]},"28":{"type":"branch","line":119,"loc":{"start":{"line":119,"column":-1},"end":{"line":121,"column":23}},"locations":[{"start":{"line":119,"column":-1},"end":{"line":121,"column":23}}]},"29":{"type":"branch","line":121,"loc":{"start":{"line":121,"column":23},"end":{"line":128,"column":3}},"locations":[{"start":{"line":121,"column":23},"end":{"line":128,"column":3}}]},"30":{"type":"branch","line":122,"loc":{"start":{"line":122,"column":37},"end":{"line":127,"column":4}},"locations":[{"start":{"line":122,"column":37},"end":{"line":127,"column":4}}]},"31":{"type":"branch","line":129,"loc":{"start":{"line":129,"column":-1},"end":{"line":130,"column":44}},"locations":[{"start":{"line":129,"column":-1},"end":{"line":130,"column":44}}]},"32":{"type":"branch","line":130,"loc":{"start":{"line":130,"column":46},"end":{"line":132,"column":3}},"locations":[{"start":{"line":130,"column":46},"end":{"line":132,"column":3}}]},"33":{"type":"branch","line":133,"loc":{"start":{"line":133,"column":-1},"end":{"line":135,"column":2}},"locations":[{"start":{"line":133,"column":-1},"end":{"line":135,"column":2}}]},"34":{"type":"branch","line":138,"loc":{"start":{"line":138,"column":1},"end":{"line":169,"column":2}},"locations":[{"start":{"line":138,"column":1},"end":{"line":169,"column":2}}]},"35":{"type":"branch","line":139,"loc":{"start":{"line":139,"column":15},"end":{"line":139,"column":39}},"locations":[{"start":{"line":139,"column":15},"end":{"line":139,"column":39}}]},"36":{"type":"branch","line":139,"loc":{"start":{"line":139,"column":41},"end":{"line":143,"column":30}},"locations":[{"start":{"line":139,"column":41},"end":{"line":143,"column":30}}]},"37":{"type":"branch","line":139,"loc":{"start":{"line":139,"column":41},"end":{"line":141,"column":3}},"locations":[{"start":{"line":139,"column":41},"end":{"line":141,"column":3}}]},"38":{"type":"branch","line":143,"loc":{"start":{"line":143,"column":32},"end":{"line":147,"column":3}},"locations":[{"start":{"line":143,"column":32},"end":{"line":147,"column":3}}]},"39":{"type":"branch","line":148,"loc":{"start":{"line":148,"column":-1},"end":{"line":159,"column":21}},"locations":[{"start":{"line":148,"column":-1},"end":{"line":159,"column":21}}]},"40":{"type":"branch","line":148,"loc":{"start":{"line":148,"column":-1},"end":{"line":153,"column":20}},"locations":[{"start":{"line":148,"column":-1},"end":{"line":153,"column":20}}]},"41":{"type":"branch","line":153,"loc":{"start":{"line":153,"column":20},"end":{"line":157,"column":3}},"locations":[{"start":{"line":153,"column":20},"end":{"line":157,"column":3}}]},"42":{"type":"branch","line":155,"loc":{"start":{"line":155,"column":36},"end":{"line":155,"column":42}},"locations":[{"start":{"line":155,"column":36},"end":{"line":155,"column":42}}]},"43":{"type":"branch","line":158,"loc":{"start":{"line":158,"column":-1},"end":{"line":159,"column":21}},"locations":[{"start":{"line":158,"column":-1},"end":{"line":159,"column":21}}]},"44":{"type":"branch","line":159,"loc":{"start":{"line":159,"column":23},"end":{"line":169,"column":2}},"locations":[{"start":{"line":159,"column":23},"end":{"line":169,"column":2}}]},"45":{"type":"branch","line":159,"loc":{"start":{"line":159,"column":23},"end":{"line":164,"column":29}},"locations":[{"start":{"line":159,"column":23},"end":{"line":164,"column":29}}]},"46":{"type":"branch","line":164,"loc":{"start":{"line":164,"column":29},"end":{"line":166,"column":3}},"locations":[{"start":{"line":164,"column":29},"end":{"line":166,"column":3}}]},"47":{"type":"branch","line":167,"loc":{"start":{"line":167,"column":-1},"end":{"line":169,"column":2}},"locations":[{"start":{"line":167,"column":-1},"end":{"line":169,"column":2}}]},"48":{"type":"branch","line":172,"loc":{"start":{"line":172,"column":1},"end":{"line":176,"column":2}},"locations":[{"start":{"line":172,"column":1},"end":{"line":176,"column":2}}]},"49":{"type":"branch","line":179,"loc":{"start":{"line":179,"column":1},"end":{"line":199,"column":2}},"locations":[{"start":{"line":179,"column":1},"end":{"line":199,"column":2}}]},"50":{"type":"branch","line":182,"loc":{"start":{"line":182,"column":18},"end":{"line":184,"column":3}},"locations":[{"start":{"line":182,"column":18},"end":{"line":184,"column":3}}]},"51":{"type":"branch","line":185,"loc":{"start":{"line":185,"column":-1},"end":{"line":189,"column":18}},"locations":[{"start":{"line":185,"column":-1},"end":{"line":189,"column":18}}]},"52":{"type":"branch","line":189,"loc":{"start":{"line":189,"column":18},"end":{"line":196,"column":3}},"locations":[{"start":{"line":189,"column":18},"end":{"line":196,"column":3}}]},"53":{"type":"branch","line":190,"loc":{"start":{"line":190,"column":34},"end":{"line":192,"column":4}},"locations":[{"start":{"line":190,"column":34},"end":{"line":192,"column":4}}]},"54":{"type":"branch","line":193,"loc":{"start":{"line":193,"column":-1},"end":{"line":196,"column":3}},"locations":[{"start":{"line":193,"column":-1},"end":{"line":196,"column":3}}]},"55":{"type":"branch","line":197,"loc":{"start":{"line":197,"column":-1},"end":{"line":199,"column":2}},"locations":[{"start":{"line":197,"column":-1},"end":{"line":199,"column":2}}]},"56":{"type":"branch","line":202,"loc":{"start":{"line":202,"column":1},"end":{"line":222,"column":2}},"locations":[{"start":{"line":202,"column":1},"end":{"line":222,"column":2}}]},"57":{"type":"branch","line":205,"loc":{"start":{"line":205,"column":18},"end":{"line":207,"column":3}},"locations":[{"start":{"line":205,"column":18},"end":{"line":207,"column":3}}]},"58":{"type":"branch","line":208,"loc":{"start":{"line":208,"column":-1},"end":{"line":212,"column":18}},"locations":[{"start":{"line":208,"column":-1},"end":{"line":212,"column":18}}]},"59":{"type":"branch","line":212,"loc":{"start":{"line":212,"column":18},"end":{"line":219,"column":3}},"locations":[{"start":{"line":212,"column":18},"end":{"line":219,"column":3}}]},"60":{"type":"branch","line":213,"loc":{"start":{"line":213,"column":27},"end":{"line":215,"column":4}},"locations":[{"start":{"line":213,"column":27},"end":{"line":215,"column":4}}]},"61":{"type":"branch","line":216,"loc":{"start":{"line":216,"column":-1},"end":{"line":219,"column":3}},"locations":[{"start":{"line":216,"column":-1},"end":{"line":219,"column":3}}]},"62":{"type":"branch","line":220,"loc":{"start":{"line":220,"column":-1},"end":{"line":222,"column":2}},"locations":[{"start":{"line":220,"column":-1},"end":{"line":222,"column":2}}]},"63":{"type":"branch","line":225,"loc":{"start":{"line":225,"column":1},"end":{"line":230,"column":2}},"locations":[{"start":{"line":225,"column":1},"end":{"line":230,"column":2}}]},"64":{"type":"branch","line":227,"loc":{"start":{"line":227,"column":16},"end":{"line":227,"column":32}},"locations":[{"start":{"line":227,"column":16},"end":{"line":227,"column":32}}]},"65":{"type":"branch","line":233,"loc":{"start":{"line":233,"column":1},"end":{"line":244,"column":2}},"locations":[{"start":{"line":233,"column":1},"end":{"line":244,"column":2}}]},"66":{"type":"branch","line":239,"loc":{"start":{"line":239,"column":18},"end":{"line":243,"column":3}},"locations":[{"start":{"line":239,"column":18},"end":{"line":243,"column":3}}]},"67":{"type":"branch","line":247,"loc":{"start":{"line":247,"column":1},"end":{"line":265,"column":2}},"locations":[{"start":{"line":247,"column":1},"end":{"line":265,"column":2}}]},"68":{"type":"branch","line":252,"loc":{"start":{"line":252,"column":18},"end":{"line":259,"column":3}},"locations":[{"start":{"line":252,"column":18},"end":{"line":259,"column":3}}]},"69":{"type":"branch","line":268,"loc":{"start":{"line":268,"column":1},"end":{"line":278,"column":2}},"locations":[{"start":{"line":268,"column":1},"end":{"line":278,"column":2}}]},"70":{"type":"branch","line":272,"loc":{"start":{"line":272,"column":18},"end":{"line":275,"column":3}},"locations":[{"start":{"line":272,"column":18},"end":{"line":275,"column":3}}]},"71":{"type":"branch","line":281,"loc":{"start":{"line":281,"column":1},"end":{"line":283,"column":2}},"locations":[{"start":{"line":281,"column":1},"end":{"line":283,"column":2}}]},"72":{"type":"branch","line":286,"loc":{"start":{"line":286,"column":1},"end":{"line":288,"column":2}},"locations":[{"start":{"line":286,"column":1},"end":{"line":288,"column":2}}]}},"b":{"0":[2],"1":[54],"2":[34],"3":[143],"4":[291],"5":[158],"6":[2],"7":[73],"8":[4],"9":[3],"10":[2],"11":[3],"12":[1],"13":[168],"14":[41],"15":[127],"16":[5],"17":[4],"18":[2],"19":[3],"20":[1],"21":[2],"22":[1],"23":[2],"24":[4],"25":[1],"26":[3],"27":[7],"28":[3],"29":[12],"30":[6],"31":[3],"32":[1],"33":[3],"34":[7],"35":[6],"36":[4],"37":[3],"38":[2],"39":[6],"40":[2],"41":[5],"42":[0],"43":[2],"44":[6],"45":[2],"46":[1],"47":[2],"48":[2],"49":[18],"50":[2],"51":[16],"52":[53],"53":[10],"54":[43],"55":[6],"56":[6],"57":[2],"58":[4],"59":[14],"60":[2],"61":[12],"62":[2],"63":[3],"64":[8],"65":[5],"66":[12],"67":[1],"68":[4],"69":[1],"70":[4],"71":[172],"72":[14]},"fnMap":{"0":{"name":"LinkedList","decl":{"start":{"line":28,"column":1},"end":{"line":36,"column":2}},"loc":{"start":{"line":28,"column":1},"end":{"line":36,"column":2}},"line":28},"1":{"name":"get","decl":{"start":{"line":9,"column":1},"end":{"line":11,"column":2}},"loc":{"start":{"line":9,"column":1},"end":{"line":11,"column":2}},"line":9},"2":{"name":"get","decl":{"start":{"line":14,"column":1},"end":{"line":16,"column":2}},"loc":{"start":{"line":14,"column":1},"end":{"line":16,"column":2}},"line":14},"3":{"name":"get","decl":{"start":{"line":19,"column":1},"end":{"line":21,"column":2}},"loc":{"start":{"line":19,"column":1},"end":{"line":21,"column":2}},"line":19},"4":{"name":"get","decl":{"start":{"line":24,"column":1},"end":{"line":26,"column":2}},"loc":{"start":{"line":24,"column":1},"end":{"line":26,"column":2}},"line":24},"5":{"name":"Object.<anonymous>.LinkedList.getByIndex","decl":{"start":{"line":39,"column":1},"end":{"line":51,"column":2}},"loc":{"start":{"line":39,"column":1},"end":{"line":51,"column":2}},"line":39},"6":{"name":"Object.<anonymous>.LinkedList.prepend","decl":{"start":{"line":54,"column":1},"end":{"line":65,"column":2}},"loc":{"start":{"line":54,"column":1},"end":{"line":65,"column":2}},"line":54},"7":{"name":"Object.<anonymous>.LinkedList.append","decl":{"start":{"line":68,"column":1},"end":{"line":84,"column":2}},"loc":{"start":{"line":68,"column":1},"end":{"line":84,"column":2}},"line":68},"8":{"name":"Object.<anonymous>.LinkedList.appendByIndex","decl":{"start":{"line":87,"column":1},"end":{"line":107,"column":2}},"loc":{"start":{"line":87,"column":1},"end":{"line":107,"column":2}},"line":87},"9":{"name":"Object.<anonymous>.LinkedList.delete","decl":{"start":{"line":110,"column":1},"end":{"line":135,"column":2}},"loc":{"start":{"line":110,"column":1},"end":{"line":135,"column":2}},"line":110},"10":{"name":"Object.<anonymous>.LinkedList.deleteByIndex","decl":{"start":{"line":138,"column":1},"end":{"line":169,"column":2}},"loc":{"start":{"line":138,"column":1},"end":{"line":169,"column":2}},"line":138},"11":{"name":"Object.<anonymous>.LinkedList.clear","decl":{"start":{"line":172,"column":1},"end":{"line":176,"column":2}},"loc":{"start":{"line":172,"column":1},"end":{"line":176,"column":2}},"line":172},"12":{"name":"Object.<anonymous>.LinkedList.find","decl":{"start":{"line":179,"column":1},"end":{"line":199,"column":2}},"loc":{"start":{"line":179,"column":1},"end":{"line":199,"column":2}},"line":179},"13":{"name":"Object.<anonymous>.LinkedList.findIndex","decl":{"start":{"line":202,"column":1},"end":{"line":222,"column":2}},"loc":{"start":{"line":202,"column":1},"end":{"line":222,"column":2}},"line":202},"14":{"name":"Object.<anonymous>.LinkedList.toArray","decl":{"start":{"line":225,"column":1},"end":{"line":230,"column":2}},"loc":{"start":{"line":225,"column":1},"end":{"line":230,"column":2}},"line":225},"15":{"name":"Object.<anonymous>.LinkedList.traverse","decl":{"start":{"line":233,"column":1},"end":{"line":244,"column":2}},"loc":{"start":{"line":233,"column":1},"end":{"line":244,"column":2}},"line":233},"16":{"name":"Object.<anonymous>.LinkedList.reverse","decl":{"start":{"line":247,"column":1},"end":{"line":265,"column":2}},"loc":{"start":{"line":247,"column":1},"end":{"line":265,"column":2}},"line":247},"17":{"name":"Object.<anonymous>.LinkedList.print","decl":{"start":{"line":268,"column":1},"end":{"line":278,"column":2}},"loc":{"start":{"line":268,"column":1},"end":{"line":278,"column":2}},"line":268},"18":{"name":"Object.<anonymous>.LinkedList.incrementLength","decl":{"start":{"line":281,"column":1},"end":{"line":283,"column":2}},"loc":{"start":{"line":281,"column":1},"end":{"line":283,"column":2}},"line":281},"19":{"name":"Object.<anonymous>.LinkedList.decrementLength","decl":{"start":{"line":286,"column":1},"end":{"line":288,"column":2}},"loc":{"start":{"line":286,"column":1},"end":{"line":288,"column":2}},"line":286}},"f":{"0":54,"1":291,"2":158,"3":2,"4":73,"5":4,"6":3,"7":168,"8":5,"9":4,"10":7,"11":2,"12":18,"13":6,"14":3,"15":5,"16":1,"17":1,"18":172,"19":14}}
,"/Users/denishrunov/Программирование/javascript-data-structures/src/LinkedList/LinkedListNode/LinkedListNode.ts": {"path":"/Users/denishrunov/Программирование/javascript-data-structures/src/LinkedList/LinkedListNode/LinkedListNode.ts","all":false,"statementMap":{"0":{"start":{"line":1,"column":0},"end":{"line":1,"column":39}},"1":{"start":{"line":2,"column":0},"end":{"line":2,"column":0}},"2":{"start":{"line":3,"column":0},"end":{"line":3,"column":49}}},"s":{"0":1,"1":1,"2":172},"branchMap":{"0":{"type":"branch","line":3,"loc":{"start":{"line":3,"column":0},"end":{"line":3,"column":49}},"locations":[{"start":{"line":3,"column":0},"end":{"line":3,"column":49}}]},"1":{"type":"branch","line":3,"loc":{"start":{"line":3,"column":0},"end":{"line":3,"column":49}},"locations":[{"start":{"line":3,"column":0},"end":{"line":3,"column":49}}]}},"b":{"0":[2],"1":[172]},"fnMap":{"0":{"name":"LinkedListNode","decl":{"start":{"line":3,"column":0},"end":{"line":3,"column":49}},"loc":{"start":{"line":3,"column":0},"end":{"line":3,"column":49}},"line":3}},"f":{"0":172}}
,"/Users/denishrunov/Программирование/javascript-data-structures/src/Node/Node.ts": {"path":"/Users/denishrunov/Программирование/javascript-data-structures/src/Node/Node.ts","all":false,"statementMap":{"0":{"start":{"line":1,"column":0},"end":{"line":1,"column":22}},"1":{"start":{"line":2,"column":0},"end":{"line":2,"column":21}},"2":{"start":{"line":3,"column":0},"end":{"line":3,"column":33}},"3":{"start":{"line":4,"column":0},"end":{"line":4,"column":0}},"4":{"start":{"line":5,"column":0},"end":{"line":5,"column":24}},"5":{"start":{"line":6,"column":0},"end":{"line":6,"column":21}},"6":{"start":{"line":7,"column":0},"end":{"line":7,"column":2}},"7":{"start":{"line":8,"column":0},"end":{"line":8,"column":0}},"8":{"start":{"line":9,"column":0},"end":{"line":9,"column":29}},"9":{"start":{"line":10,"column":0},"end":{"line":10,"column":22}},"10":{"start":{"line":11,"column":0},"end":{"line":11,"column":2}},"11":{"start":{"line":12,"column":0},"end":{"line":12,"column":0}},"12":{"start":{"line":13,"column":0},"end":{"line":13,"column":36}},"13":{"start":{"line":14,"column":0},"end":{"line":14,"column":20}},"14":{"start":{"line":15,"column":0},"end":{"line":15,"column":2}},"15":{"start":{"line":16,"column":0},"end":{"line":16,"column":0}},"16":{"start":{"line":17,"column":0},"end":{"line":17,"column":40}},"17":{"start":{"line":18,"column":0},"end":{"line":18,"column":20}},"18":{"start":{"line":19,"column":0},"end":{"line":19,"column":2}},"19":{"start":{"line":20,"column":0},"end":{"line":20,"column":0}},"20":{"start":{"line":21,"column":0},"end":{"line":21,"column":53}},"21":{"start":{"line":22,"column":0},"end":{"line":22,"column":22}},"22":{"start":{"line":23,"column":0},"end":{"line":23,"column":20}},"23":{"start":{"line":24,"column":0},"end":{"line":24,"column":2}},"24":{"start":{"line":25,"column":0},"end":{"line":25,"column":1}}},"s":{"0":6,"1":6,"2":6,"3":6,"4":6,"5":171,"6":171,"7":6,"8":6,"9":1,"10":1,"11":6,"12":6,"13":148,"14":148,"15":6,"16":6,"17":157,"18":157,"19":6,"20":6,"21":218,"22":218,"23":218,"24":6},"branchMap":{"0":{"type":"branch","line":1,"loc":{"start":{"line":1,"column":0},"end":{"line":25,"column":1}},"locations":[{"start":{"line":1,"column":0},"end":{"line":25,"column":1}}]},"1":{"type":"branch","line":21,"loc":{"start":{"line":21,"column":1},"end":{"line":24,"column":2}},"locations":[{"start":{"line":21,"column":1},"end":{"line":24,"column":2}}]},"2":{"type":"branch","line":21,"loc":{"start":{"line":21,"column":23},"end":{"line":21,"column":53}},"locations":[{"start":{"line":21,"column":23},"end":{"line":21,"column":53}}]},"3":{"type":"branch","line":5,"loc":{"start":{"line":5,"column":1},"end":{"line":7,"column":2}},"locations":[{"start":{"line":5,"column":1},"end":{"line":7,"column":2}}]},"4":{"type":"branch","line":9,"loc":{"start":{"line":9,"column":1},"end":{"line":11,"column":2}},"locations":[{"start":{"line":9,"column":1},"end":{"line":11,"column":2}}]},"5":{"type":"branch","line":13,"loc":{"start":{"line":13,"column":1},"end":{"line":15,"column":2}},"locations":[{"start":{"line":13,"column":1},"end":{"line":15,"column":2}}]},"6":{"type":"branch","line":17,"loc":{"start":{"line":17,"column":1},"end":{"line":19,"column":2}},"locations":[{"start":{"line":17,"column":1},"end":{"line":19,"column":2}}]}},"b":{"0":[6],"1":[218],"2":[195],"3":[171],"4":[1],"5":[148],"6":[157]},"fnMap":{"0":{"name":"Node","decl":{"start":{"line":21,"column":1},"end":{"line":24,"column":2}},"loc":{"start":{"line":21,"column":1},"end":{"line":24,"column":2}},"line":21},"1":{"name":"get","decl":{"start":{"line":5,"column":1},"end":{"line":7,"column":2}},"loc":{"start":{"line":5,"column":1},"end":{"line":7,"column":2}},"line":5},"2":{"name":"set","decl":{"start":{"line":9,"column":1},"end":{"line":11,"column":2}},"loc":{"start":{"line":9,"column":1},"end":{"line":11,"column":2}},"line":9},"3":{"name":"get","decl":{"start":{"line":13,"column":1},"end":{"line":15,"column":2}},"loc":{"start":{"line":13,"column":1},"end":{"line":15,"column":2}},"line":13},"4":{"name":"set","decl":{"start":{"line":17,"column":1},"end":{"line":19,"column":2}},"loc":{"start":{"line":17,"column":1},"end":{"line":19,"column":2}},"line":17}},"f":{"0":218,"1":171,"2":1,"3":148,"4":157}}
[...]
,"/Users/denishrunov/Программирование/javascript-data-structures/src/Queue/QueueBasedOnLinkedList.ts": {"path":"/Users/denishrunov/Программирование/javascript-data-structures/src/Queue/QueueBasedOnLinkedList.ts","all":false,"statementMap":{"0":{"start":{"line":1,"column":0},"end":{"line":1,"column":54}},"1":{"start":{"line":2,"column":0},"end":{"line":2,"column":0}},"2":{"start":{"line":3,"column":0},"end":{"line":3,"column":23}},"3":{"start":{"line":4,"column":0},"end":{"line":4,"column":42}},"4":{"start":{"line":5,"column":0},"end":{"line":5,"column":0}},"5":{"start":{"line":6,"column":0},"end":{"line":6,"column":8}},"6":{"start":{"line":7,"column":0},"end":{"line":7,"column":30}},"7":{"start":{"line":8,"column":0},"end":{"line":8,"column":66}},"8":{"start":{"line":9,"column":0},"end":{"line":9,"column":2}},"9":{"start":{"line":10,"column":0},"end":{"line":10,"column":0}},"10":{"start":{"line":11,"column":0},"end":{"line":11,"column":8}},"11":{"start":{"line":12,"column":0},"end":{"line":12,"column":30}},"12":{"start":{"line":13,"column":0},"end":{"line":13,"column":66}},"13":{"start":{"line":14,"column":0},"end":{"line":14,"column":2}},"14":{"start":{"line":15,"column":0},"end":{"line":15,"column":0}},"15":{"start":{"line":16,"column":0},"end":{"line":16,"column":8}},"16":{"start":{"line":17,"column":0},"end":{"line":17,"column":30}},"17":{"start":{"line":18,"column":0},"end":{"line":18,"column":32}},"18":{"start":{"line":19,"column":0},"end":{"line":19,"column":2}},"19":{"start":{"line":20,"column":0},"end":{"line":20,"column":0}},"20":{"start":{"line":21,"column":0},"end":{"line":21,"column":8}},"21":{"start":{"line":22,"column":0},"end":{"line":22,"column":32}},"22":{"start":{"line":23,"column":0},"end":{"line":23,"column":27}},"23":{"start":{"line":24,"column":0},"end":{"line":24,"column":2}},"24":{"start":{"line":25,"column":0},"end":{"line":25,"column":0}},"25":{"start":{"line":26,"column":0},"end":{"line":26,"column":26}},"26":{"start":{"line":27,"column":0},"end":{"line":27,"column":27}},"27":{"start":{"line":28,"column":0},"end":{"line":28,"column":27}},"28":{"start":{"line":29,"column":0},"end":{"line":29,"column":3}},"29":{"start":{"line":30,"column":0},"end":{"line":30,"column":2}},"30":{"start":{"line":31,"column":0},"end":{"line":31,"column":0}},"31":{"start":{"line":32,"column":0},"end":{"line":32,"column":8}},"32":{"start":{"line":33,"column":0},"end":{"line":33,"column":32}},"33":{"start":{"line":34,"column":0},"end":{"line":34,"column":31}},"34":{"start":{"line":35,"column":0},"end":{"line":35,"column":2}},"35":{"start":{"line":36,"column":0},"end":{"line":36,"column":0}},"36":{"start":{"line":37,"column":0},"end":{"line":37,"column":8}},"37":{"start":{"line":38,"column":0},"end":{"line":38,"column":29}},"38":{"start":{"line":39,"column":0},"end":{"line":39,"column":27}},"39":{"start":{"line":40,"column":0},"end":{"line":40,"column":15}},"40":{"start":{"line":41,"column":0},"end":{"line":41,"column":3}},"41":{"start":{"line":42,"column":0},"end":{"line":42,"column":0}},"42":{"start":{"line":43,"column":0},"end":{"line":43,"column":43}},"43":{"start":{"line":44,"column":0},"end":{"line":44,"column":35}},"44":{"start":{"line":45,"column":0},"end":{"line":45,"column":0}},"45":{"start":{"line":46,"column":0},"end":{"line":46,"column":14}},"46":{"start":{"line":47,"column":0},"end":{"line":47,"column":2}},"47":{"start":{"line":48,"column":0},"end":{"line":48,"column":0}},"48":{"start":{"line":49,"column":0},"end":{"line":49,"column":8}},"49":{"start":{"line":50,"column":0},"end":{"line":50,"column":26}},"50":{"start":{"line":51,"column":0},"end":{"line":51,"column":27}},"51":{"start":{"line":52,"column":0},"end":{"line":52,"column":15}},"52":{"start":{"line":53,"column":0},"end":{"line":53,"column":3}},"53":{"start":{"line":54,"column":0},"end":{"line":54,"column":0}},"54":{"start":{"line":55,"column":0},"end":{"line":55,"column":37}},"55":{"start":{"line":56,"column":0},"end":{"line":56,"column":2}},"56":{"start":{"line":57,"column":0},"end":{"line":57,"column":0}},"57":{"start":{"line":58,"column":0},"end":{"line":58,"column":8}},"58":{"start":{"line":59,"column":0},"end":{"line":59,"column":23}},"59":{"start":{"line":60,"column":0},"end":{"line":60,"column":26}},"60":{"start":{"line":61,"column":0},"end":{"line":61,"column":2}},"61":{"start":{"line":62,"column":0},"end":{"line":62,"column":0}},"62":{"start":{"line":63,"column":0},"end":{"line":63,"column":8}},"63":{"start":{"line":64,"column":0},"end":{"line":64,"column":41}},"64":{"start":{"line":65,"column":0},"end":{"line":65,"column":46}},"65":{"start":{"line":66,"column":0},"end":{"line":66,"column":2}},"66":{"start":{"line":67,"column":0},"end":{"line":67,"column":1}}},"s":{"0":1,"1":1,"2":1,"3":1,"4":1,"5":1,"6":1,"7":10,"8":10,"9":1,"10":1,"11":1,"12":5,"13":5,"14":1,"15":1,"16":1,"17":10,"18":10,"19":1,"20":1,"21":1,"22":2,"23":2,"24":1,"25":1,"26":9,"27":5,"28":5,"29":9,"30":1,"31":1,"32":1,"33":22,"34":22,"35":1,"36":1,"37":1,"38":2,"39":1,"40":1,"41":1,"42":1,"43":1,"44":1,"45":1,"46":1,"47":1,"48":1,"49":1,"50":2,"51":1,"52":1,"53":1,"54":1,"55":1,"56":1,"57":1,"58":1,"59":1,"60":1,"61":1,"62":1,"63":1,"64":5,"65":5,"66":1},"branchMap":{"0":{"type":"branch","line":3,"loc":{"start":{"line":3,"column":0},"end":{"line":67,"column":1}},"locations":[{"start":{"line":3,"column":0},"end":{"line":67,"column":1}}]},"1":{"type":"branch","line":26,"loc":{"start":{"line":26,"column":1},"end":{"line":30,"column":2}},"locations":[{"start":{"line":26,"column":1},"end":{"line":30,"column":2}}]},"2":{"type":"branch","line":27,"loc":{"start":{"line":27,"column":26},"end":{"line":29,"column":3}},"locations":[{"start":{"line":27,"column":26},"end":{"line":29,"column":3}}]},"3":{"type":"branch","line":7,"loc":{"start":{"line":7,"column":1},"end":{"line":9,"column":2}},"locations":[{"start":{"line":7,"column":1},"end":{"line":9,"column":2}}]},"4":{"type":"branch","line":8,"loc":{"start":{"line":8,"column":30},"end":{"line":8,"column":58}},"locations":[{"start":{"line":8,"column":30},"end":{"line":8,"column":58}}]},"5":{"type":"branch","line":8,"loc":{"start":{"line":8,"column":59},"end":{"line":8,"column":65}},"locations":[{"start":{"line":8,"column":59},"end":{"line":8,"column":65}}]},"6":{"type":"branch","line":12,"loc":{"start":{"line":12,"column":1},"end":{"line":14,"column":2}},"locations":[{"start":{"line":12,"column":1},"end":{"line":14,"column":2}}]},"7":{"type":"branch","line":13,"loc":{"start":{"line":13,"column":30},"end":{"line":13,"column":58}},"locations":[{"start":{"line":13,"column":30},"end":{"line":13,"column":58}}]},"8":{"type":"branch","line":13,"loc":{"start":{"line":13,"column":59},"end":{"line":13,"column":65}},"locations":[{"start":{"line":13,"column":59},"end":{"line":13,"column":65}}]},"9":{"type":"branch","line":17,"loc":{"start":{"line":17,"column":1},"end":{"line":19,"column":2}},"locations":[{"start":{"line":17,"column":1},"end":{"line":19,"column":2}}]},"10":{"type":"branch","line":22,"loc":{"start":{"line":22,"column":1},"end":{"line":24,"column":2}},"locations":[{"start":{"line":22,"column":1},"end":{"line":24,"column":2}}]},"11":{"type":"branch","line":33,"loc":{"start":{"line":33,"column":1},"end":{"line":35,"column":2}},"locations":[{"start":{"line":33,"column":1},"end":{"line":35,"column":2}}]},"12":{"type":"branch","line":38,"loc":{"start":{"line":38,"column":1},"end":{"line":47,"column":2}},"locations":[{"start":{"line":38,"column":1},"end":{"line":47,"column":2}}]},"13":{"type":"branch","line":39,"loc":{"start":{"line":39,"column":26},"end":{"line":47,"column":2}},"locations":[{"start":{"line":39,"column":26},"end":{"line":47,"column":2}}]},"14":{"type":"branch","line":50,"loc":{"start":{"line":50,"column":1},"end":{"line":56,"column":2}},"locations":[{"start":{"line":50,"column":1},"end":{"line":56,"column":2}}]},"15":{"type":"branch","line":51,"loc":{"start":{"line":51,"column":26},"end":{"line":56,"column":2}},"locations":[{"start":{"line":51,"column":26},"end":{"line":56,"column":2}}]},"16":{"type":"branch","line":59,"loc":{"start":{"line":59,"column":1},"end":{"line":61,"column":2}},"locations":[{"start":{"line":59,"column":1},"end":{"line":61,"column":2}}]},"17":{"type":"branch","line":64,"loc":{"start":{"line":64,"column":1},"end":{"line":66,"column":2}},"locations":[{"start":{"line":64,"column":1},"end":{"line":66,"column":2}}]},"18":{"type":"branch","line":65,"loc":{"start":{"line":65,"column":16},"end":{"line":65,"column":30}},"locations":[{"start":{"line":65,"column":16},"end":{"line":65,"column":30}}]}},"b":{"0":[1],"1":[9],"2":[5],"3":[10],"4":[6],"5":[4],"6":[5],"7":[3],"8":[2],"9":[10],"10":[2],"11":[22],"12":[2],"13":[1],"14":[2],"15":[1],"16":[1],"17":[5],"18":[20]},"fnMap":{"0":{"name":"Queue","decl":{"start":{"line":26,"column":1},"end":{"line":30,"column":2}},"loc":{"start":{"line":26,"column":1},"end":{"line":30,"column":2}},"line":26},"1":{"name":"get","decl":{"start":{"line":7,"column":1},"end":{"line":9,"column":2}},"loc":{"start":{"line":7,"column":1},"end":{"line":9,"column":2}},"line":7},"2":{"name":"get","decl":{"start":{"line":12,"column":1},"end":{"line":14,"column":2}},"loc":{"start":{"line":12,"column":1},"end":{"line":14,"column":2}},"line":12},"3":{"name":"get","decl":{"start":{"line":17,"column":1},"end":{"line":19,"column":2}},"loc":{"start":{"line":17,"column":1},"end":{"line":19,"column":2}},"line":17},"4":{"name":"get","decl":{"start":{"line":22,"column":1},"end":{"line":24,"column":2}},"loc":{"start":{"line":22,"column":1},"end":{"line":24,"column":2}},"line":22},"5":{"name":"Object.<anonymous>.Queue.enqueue","decl":{"start":{"line":33,"column":1},"end":{"line":35,"column":2}},"loc":{"start":{"line":33,"column":1},"end":{"line":35,"column":2}},"line":33},"6":{"name":"Object.<anonymous>.Queue.dequeue","decl":{"start":{"line":38,"column":1},"end":{"line":47,"column":2}},"loc":{"start":{"line":38,"column":1},"end":{"line":47,"column":2}},"line":38},"7":{"name":"Object.<anonymous>.Queue.peek","decl":{"start":{"line":50,"column":1},"end":{"line":56,"column":2}},"loc":{"start":{"line":50,"column":1},"end":{"line":56,"column":2}},"line":50},"8":{"name":"Object.<anonymous>.Queue.clear","decl":{"start":{"line":59,"column":1},"end":{"line":61,"column":2}},"loc":{"start":{"line":59,"column":1},"end":{"line":61,"column":2}},"line":59},"9":{"name":"Object.<anonymous>.Queue.enqueueArray","decl":{"start":{"line":64,"column":1},"end":{"line":66,"column":2}},"loc":{"start":{"line":64,"column":1},"end":{"line":66,"column":2}},"line":64}},"f":{"0":9,"1":10,"2":5,"3":10,"4":2,"5":22,"6":2,"7":2,"8":1,"9":5}}
,"/Users/denishrunov/Программирование/javascript-data-structures/src/Stack/Stack.ts": {"path":"/Users/denishrunov/Программирование/javascript-data-structures/src/Stack/Stack.ts","all":false,"statementMap":{"0":{"start":{"line":1,"column":0},"end":{"line":1,"column":23}},"1":{"start":{"line":2,"column":0},"end":{"line":2,"column":29}},"2":{"start":{"line":3,"column":0},"end":{"line":3,"column":0}},"3":{"start":{"line":4,"column":0},"end":{"line":4,"column":8}},"4":{"start":{"line":5,"column":0},"end":{"line":5,"column":26}},"5":{"start":{"line":6,"column":0},"end":{"line":6,"column":20}},"6":{"start":{"line":7,"column":0},"end":{"line":7,"column":2}},"7":{"start":{"line":8,"column":0},"end":{"line":8,"column":0}},"8":{"start":{"line":9,"column":0},"end":{"line":9,"column":8}},"9":{"start":{"line":10,"column":0},"end":{"line":10,"column":32}},"10":{"start":{"line":11,"column":0},"end":{"line":11,"column":33}},"11":{"start":{"line":12,"column":0},"end":{"line":12,"column":2}},"12":{"start":{"line":13,"column":0},"end":{"line":13,"column":0}},"13":{"start":{"line":14,"column":0},"end":{"line":14,"column":8}},"14":{"start":{"line":15,"column":0},"end":{"line":15,"column":30}},"15":{"start":{"line":16,"column":0},"end":{"line":16,"column":27}},"16":{"start":{"line":17,"column":0},"end":{"line":17,"column":2}},"17":{"start":{"line":18,"column":0},"end":{"line":18,"column":0}},"18":{"start":{"line":19,"column":0},"end":{"line":19,"column":31}},"19":{"start":{"line":20,"column":0},"end":{"line":20,"column":21}},"20":{"start":{"line":21,"column":0},"end":{"line":21,"column":2}},"21":{"start":{"line":22,"column":0},"end":{"line":22,"column":0}},"22":{"start":{"line":23,"column":0},"end":{"line":23,"column":8}},"23":{"start":{"line":24,"column":0},"end":{"line":24,"column":29}},"24":{"start":{"line":25,"column":0},"end":{"line":25,"column":24}},"25":{"start":{"line":26,"column":0},"end":{"line":26,"column":2}},"26":{"start":{"line":27,"column":0},"end":{"line":27,"column":0}},"27":{"start":{"line":28,"column":0},"end":{"line":28,"column":8}},"28":{"start":{"line":29,"column":0},"end":{"line":29,"column":25}},"29":{"start":{"line":30,"column":0},"end":{"line":30,"column":21}},"30":{"start":{"line":31,"column":0},"end":{"line":31,"column":15}},"31":{"start":{"line":32,"column":0},"end":{"line":32,"column":3}},"32":{"start":{"line":33,"column":0},"end":{"line":33,"column":0}},"33":{"start":{"line":34,"column":0},"end":{"line":34,"column":31}},"34":{"start":{"line":35,"column":0},"end":{"line":35,"column":2}},"35":{"start":{"line":36,"column":0},"end":{"line":36,"column":0}},"36":{"start":{"line":37,"column":0},"end":{"line":37,"column":8}},"37":{"start":{"line":38,"column":0},"end":{"line":38,"column":26}},"38":{"start":{"line":39,"column":0},"end":{"line":39,"column":21}},"39":{"start":{"line":40,"column":0},"end":{"line":40,"column":15}},"40":{"start":{"line":41,"column":0},"end":{"line":41,"column":3}},"41":{"start":{"line":42,"column":0},"end":{"line":42,"column":0}},"42":{"start":{"line":43,"column":0},"end":{"line":43,"column":43}},"43":{"start":{"line":44,"column":0},"end":{"line":44,"column":2}},"44":{"start":{"line":45,"column":0},"end":{"line":45,"column":0}},"45":{"start":{"line":46,"column":0},"end":{"line":46,"column":8}},"46":{"start":{"line":47,"column":0},"end":{"line":47,"column":23}},"47":{"start":{"line":48,"column":0},"end":{"line":48,"column":24}},"48":{"start":{"line":49,"column":0},"end":{"line":49,"column":2}},"49":{"start":{"line":50,"column":0},"end":{"line":50,"column":1}}},"s":{"0":1,"1":1,"2":1,"3":1,"4":1,"5":6,"6":6,"7":1,"8":1,"9":1,"10":6,"11":6,"12":1,"13":1,"14":1,"15":4,"16":4,"17":1,"18":1,"19":8,"20":8,"21":1,"22":1,"23":1,"24":1,"25":1,"26":1,"27":1,"28":1,"29":2,"30":1,"31":1,"32":1,"33":1,"34":1,"35":1,"36":1,"37":1,"38":2,"39":1,"40":1,"41":1,"42":1,"43":1,"44":1,"45":1,"46":1,"47":1,"48":1,"49":1},"branchMap":{"0":{"type":"branch","line":1,"loc":{"start":{"line":1,"column":0},"end":{"line":50,"column":1}},"locations":[{"start":{"line":1,"column":0},"end":{"line":50,"column":1}}]},"1":{"type":"branch","line":19,"loc":{"start":{"line":19,"column":1},"end":{"line":21,"column":2}},"locations":[{"start":{"line":19,"column":1},"end":{"line":21,"column":2}}]},"2":{"type":"branch","line":19,"loc":{"start":{"line":19,"column":13},"end":{"line":19,"column":31}},"locations":[{"start":{"line":19,"column":13},"end":{"line":19,"column":31}}]},"3":{"type":"branch","line":5,"loc":{"start":{"line":5,"column":1},"end":{"line":7,"column":2}},"locations":[{"start":{"line":5,"column":1},"end":{"line":7,"column":2}}]},"4":{"type":"branch","line":10,"loc":{"start":{"line":10,"column":1},"end":{"line":12,"column":2}},"locations":[{"start":{"line":10,"column":1},"end":{"line":12,"column":2}}]},"5":{"type":"branch","line":15,"loc":{"start":{"line":15,"column":1},"end":{"line":17,"column":2}},"locations":[{"start":{"line":15,"column":1},"end":{"line":17,"column":2}}]},"6":{"type":"branch","line":24,"loc":{"start":{"line":24,"column":1},"end":{"line":26,"column":2}},"locations":[{"start":{"line":24,"column":1},"end":{"line":26,"column":2}}]},"7":{"type":"branch","line":29,"loc":{"start":{"line":29,"column":1},"end":{"line":35,"column":2}},"locations":[{"start":{"line":29,"column":1},"end":{"line":35,"column":2}}]},"8":{"type":"branch","line":30,"loc":{"start":{"line":30,"column":20},"end":{"line":35,"column":2}},"locations":[{"start":{"line":30,"column":20},"end":{"line":35,"column":2}}]},"9":{"type":"branch","line":38,"loc":{"start":{"line":38,"column":1},"end":{"line":44,"column":2}},"locations":[{"start":{"line":38,"column":1},"end":{"line":44,"column":2}}]},"10":{"type":"branch","line":39,"loc":{"start":{"line":39,"column":20},"end":{"line":44,"column":2}},"locations":[{"start":{"line":39,"column":20},"end":{"line":44,"column":2}}]},"11":{"type":"branch","line":47,"loc":{"start":{"line":47,"column":1},"end":{"line":49,"column":2}},"locations":[{"start":{"line":47,"column":1},"end":{"line":49,"column":2}}]}},"b":{"0":[1],"1":[8],"2":[3],"3":[6],"4":[6],"5":[4],"6":[1],"7":[2],"8":[1],"9":[2],"10":[1],"11":[1]},"fnMap":{"0":{"name":"Stack","decl":{"start":{"line":19,"column":1},"end":{"line":21,"column":2}},"loc":{"start":{"line":19,"column":1},"end":{"line":21,"column":2}},"line":19},"1":{"name":"get","decl":{"start":{"line":5,"column":1},"end":{"line":7,"column":2}},"loc":{"start":{"line":5,"column":1},"end":{"line":7,"column":2}},"line":5},"2":{"name":"get","decl":{"start":{"line":10,"column":1},"end":{"line":12,"column":2}},"loc":{"start":{"line":10,"column":1},"end":{"line":12,"column":2}},"line":10},"3":{"name":"get","decl":{"start":{"line":15,"column":1},"end":{"line":17,"column":2}},"loc":{"start":{"line":15,"column":1},"end":{"line":17,"column":2}},"line":15},"4":{"name":"Object.<anonymous>.Stack.push","decl":{"start":{"line":24,"column":1},"end":{"line":26,"column":2}},"loc":{"start":{"line":24,"column":1},"end":{"line":26,"column":2}},"line":24},"5":{"name":"Object.<anonymous>.Stack.pop","decl":{"start":{"line":29,"column":1},"end":{"line":35,"column":2}},"loc":{"start":{"line":29,"column":1},"end":{"line":35,"column":2}},"line":29},"6":{"name":"Object.<anonymous>.Stack.peek","decl":{"start":{"line":38,"column":1},"end":{"line":44,"column":2}},"loc":{"start":{"line":38,"column":1},"end":{"line":44,"column":2}},"line":38},"7":{"name":"Object.<anonymous>.Stack.clear","decl":{"start":{"line":47,"column":1},"end":{"line":49,"column":2}},"loc":{"start":{"line":47,"column":1},"end":{"line":49,"column":2}},"line":47}},"f":{"0":8,"1":6,"2":6,"3":4,"4":1,"5":2,"6":2,"7":1}}
}
