TN:
SF:src/LinkedList/LinkedList.ts
FN:28,LinkedList
FN:9,get
FN:14,get
FN:19,get
FN:24,get
FN:39,Object.<anonymous>.LinkedList.getByIndex
FN:54,Object.<anonymous>.LinkedList.prepend
FN:68,Object.<anonymous>.LinkedList.append
FN:87,Object.<anonymous>.LinkedList.appendByIndex
FN:110,Object.<anonymous>.LinkedList.delete
FN:138,Object.<anonymous>.LinkedList.deleteByIndex
FN:172,Object.<anonymous>.LinkedList.clear
FN:179,Object.<anonymous>.LinkedList.find
FN:202,Object.<anonymous>.LinkedList.findIndex
FN:225,Object.<anonymous>.LinkedList.toArray
FN:233,Object.<anonymous>.LinkedList.traverse
FN:247,Object.<anonymous>.LinkedList.reverse
FN:268,Object.<anonymous>.LinkedList.print
FN:281,Object.<anonymous>.LinkedList.incrementLength
FN:286,Object.<anonymous>.LinkedList.decrementLength
FNF:20
FNH:20
FNDA:45,LinkedList
FNDA:249,get
FNDA:134,get
FNDA:2,get
FNDA:62,get
FNDA:4,Object.<anonymous>.LinkedList.getByIndex
FNDA:3,Object.<anonymous>.LinkedList.prepend
FNDA:146,Object.<anonymous>.LinkedList.append
FNDA:5,Object.<anonymous>.LinkedList.appendByIndex
FNDA:4,Object.<anonymous>.LinkedList.delete
FNDA:6,Object.<anonymous>.LinkedList.deleteByIndex
FNDA:1,Object.<anonymous>.LinkedList.clear
FNDA:18,Object.<anonymous>.LinkedList.find
FNDA:6,Object.<anonymous>.LinkedList.findIndex
FNDA:3,Object.<anonymous>.LinkedList.toArray
FNDA:5,Object.<anonymous>.LinkedList.traverse
FNDA:1,Object.<anonymous>.LinkedList.reverse
FNDA:1,Object.<anonymous>.LinkedList.print
FNDA:150,Object.<anonymous>.LinkedList.incrementLength
FNDA:13,Object.<anonymous>.LinkedList.decrementLength
DA:1,1
DA:2,1
DA:3,1
DA:4,1
DA:5,1
DA:6,1
DA:7,1
DA:8,1
DA:9,1
DA:10,249
DA:11,249
DA:12,1
DA:13,1
DA:14,1
DA:15,134
DA:16,134
DA:17,1
DA:18,1
DA:19,1
DA:20,2
DA:21,2
DA:22,1
DA:23,1
DA:24,1
DA:25,62
DA:26,62
DA:27,1
DA:28,1
DA:29,45
DA:30,45
DA:31,45
DA:32,45
DA:33,45
DA:34,34
DA:35,34
DA:36,45
DA:37,1
DA:38,1
DA:39,1
DA:40,4
DA:41,2
DA:42,2
DA:43,2
DA:44,2
DA:45,2
DA:46,2
DA:47,2
DA:48,2
DA:49,2
DA:50,2
DA:51,2
DA:52,1
DA:53,1
DA:54,1
DA:55,3
DA:56,3
DA:57,3
DA:58,3
DA:59,3
DA:60,1
DA:61,1
DA:62,3
DA:63,3
DA:64,3
DA:65,3
DA:66,1
DA:67,1
DA:68,1
DA:69,146
DA:70,146
DA:71,146
DA:72,35
DA:73,35
DA:74,35
DA:75,35
DA:76,35
DA:77,35
DA:78,111
DA:79,111
DA:80,111
DA:81,111
DA:82,111
DA:83,111
DA:84,111
DA:85,1
DA:86,1
DA:87,1
DA:88,5
DA:89,2
DA:90,2
DA:91,3
DA:92,5
DA:93,1
DA:94,1
DA:95,2
DA:96,5
DA:97,1
DA:98,1
DA:99,1
DA:100,1
DA:101,1
DA:102,1
DA:103,1
DA:104,1
DA:105,1
DA:106,1
DA:107,1
DA:108,1
DA:109,1
DA:110,1
DA:111,4
DA:112,1
DA:113,1
DA:114,3
DA:115,4
DA:116,4
DA:117,4
DA:118,4
DA:119,3
DA:120,3
DA:121,4
DA:122,12
DA:123,6
DA:124,6
DA:125,6
DA:126,6
DA:127,6
DA:128,12
DA:129,3
DA:130,4
DA:131,1
DA:132,1
DA:133,3
DA:134,3
DA:135,3
DA:136,1
DA:137,1
DA:138,1
DA:139,6
DA:140,3
DA:141,3
DA:142,3
DA:143,6
DA:144,1
DA:145,1
DA:146,1
DA:147,1
DA:148,2
DA:149,2
DA:150,2
DA:151,2
DA:152,2
DA:153,6
DA:154,5
DA:155,5
DA:156,5
DA:157,5
DA:158,2
DA:159,6
DA:160,2
DA:161,2
DA:162,2
DA:163,2
DA:164,6
DA:165,1
DA:166,1
DA:167,2
DA:168,2
DA:169,2
DA:170,1
DA:171,1
DA:172,1
DA:173,1
DA:174,1
DA:175,1
DA:176,1
DA:177,1
DA:178,1
DA:179,1
DA:180,18
DA:181,18
DA:182,18
DA:183,2
DA:184,2
DA:185,16
DA:186,16
DA:187,16
DA:188,16
DA:189,18
DA:190,53
DA:191,10
DA:192,10
DA:193,43
DA:194,43
DA:195,43
DA:196,43
DA:197,6
DA:198,6
DA:199,6
DA:200,1
DA:201,1
DA:202,1
DA:203,6
DA:204,6
DA:205,6
DA:206,2
DA:207,2
DA:208,4
DA:209,4
DA:210,4
DA:211,4
DA:212,6
DA:213,14
DA:214,2
DA:215,2
DA:216,12
DA:217,12
DA:218,12
DA:219,12
DA:220,2
DA:221,2
DA:222,2
DA:223,1
DA:224,1
DA:225,1
DA:226,3
DA:227,3
DA:228,3
DA:229,3
DA:230,3
DA:231,1
DA:232,1
DA:233,1
DA:234,5
DA:235,5
DA:236,5
DA:237,5
DA:238,5
DA:239,5
DA:240,12
DA:241,12
DA:242,12
DA:243,12
DA:244,5
DA:245,1
DA:246,1
DA:247,1
DA:248,1
DA:249,1
DA:250,1
DA:251,1
DA:252,1
DA:253,4
DA:254,4
DA:255,4
DA:256,4
DA:257,4
DA:258,4
DA:259,4
DA:260,1
DA:261,1
DA:262,1
DA:263,1
DA:264,1
DA:265,1
DA:266,1
DA:267,1
DA:268,1
DA:269,1
DA:270,1
DA:271,1
DA:272,1
DA:273,4
DA:274,4
DA:275,4
DA:276,1
DA:277,1
DA:278,1
DA:279,1
DA:280,1
DA:281,1
DA:282,150
DA:283,150
DA:284,1
DA:285,1
DA:286,1
DA:287,13
DA:288,13
DA:289,1
LF:289
LH:289
BRDA:3,0,0,1
BRDA:28,1,0,45
BRDA:33,2,0,34
BRDA:34,3,0,143
BRDA:9,4,0,249
BRDA:14,5,0,134
BRDA:19,6,0,2
BRDA:24,7,0,62
BRDA:39,8,0,4
BRDA:40,9,0,3
BRDA:40,10,0,2
BRDA:54,11,0,3
BRDA:59,12,0,1
BRDA:68,13,0,146
BRDA:71,14,0,35
BRDA:78,15,0,111
BRDA:87,16,0,5
BRDA:88,17,0,4
BRDA:88,18,0,2
BRDA:91,19,0,3
BRDA:92,20,0,1
BRDA:95,21,0,2
BRDA:96,22,0,1
BRDA:100,23,0,2
BRDA:110,24,0,4
BRDA:111,25,0,1
BRDA:114,26,0,3
BRDA:115,27,0,7
BRDA:119,28,0,3
BRDA:121,29,0,12
BRDA:122,30,0,6
BRDA:129,31,0,3
BRDA:130,32,0,1
BRDA:133,33,0,3
BRDA:138,34,0,6
BRDA:139,35,0,5
BRDA:139,36,0,3
BRDA:143,37,0,1
BRDA:148,38,0,2
BRDA:153,39,0,5
BRDA:155,40,0,0
BRDA:158,41,0,2
BRDA:159,42,0,2
BRDA:164,43,0,1
BRDA:167,44,0,2
BRDA:172,45,0,1
BRDA:179,46,0,18
BRDA:182,47,0,2
BRDA:185,48,0,16
BRDA:189,49,0,53
BRDA:190,50,0,10
BRDA:193,51,0,43
BRDA:197,52,0,6
BRDA:202,53,0,6
BRDA:205,54,0,2
BRDA:208,55,0,4
BRDA:212,56,0,14
BRDA:213,57,0,2
BRDA:216,58,0,12
BRDA:220,59,0,2
BRDA:225,60,0,3
BRDA:227,61,0,8
BRDA:233,62,0,5
BRDA:239,63,0,12
BRDA:247,64,0,1
BRDA:252,65,0,4
BRDA:268,66,0,1
BRDA:272,67,0,4
BRDA:281,68,0,150
BRDA:286,69,0,13
BRF:70
BRH:69
end_of_record
TN:
SF:src/LinkedList/LinkedListNode/LinkedListNode.ts
FN:3,LinkedListNode
FNF:1
FNH:1
FNDA:150,LinkedListNode
DA:1,1
DA:2,1
DA:3,150
LF:3
LH:3
BRDA:3,0,0,1
BRDA:3,1,0,150
BRF:2
BRH:2
end_of_record
TN:
SF:src/Node/Node.ts
FN:13,Node
FN:5,get
FN:9,get
FN:18,Object.<anonymous>.Node.linkWith
FNF:4
FNH:4
FNDA:173,Node
FNDA:142,get
FNDA:149,get
FNDA:138,Object.<anonymous>.Node.linkWith
DA:1,3
DA:2,3
DA:3,3
DA:4,3
DA:5,3
DA:6,142
DA:7,142
DA:8,3
DA:9,3
DA:10,149
DA:11,149
DA:12,3
DA:13,3
DA:14,173
DA:15,173
DA:16,173
DA:17,3
DA:18,3
DA:19,138
DA:20,138
DA:21,3
LF:21
LH:21
BRDA:1,0,0,3
BRDA:13,1,0,173
BRDA:13,2,0,168
BRDA:5,3,0,142
BRDA:9,4,0,149
BRDA:18,5,0,138
BRF:6
BRH:6
end_of_record
TN:
SF:src/Queue/Queue.ts
FN:24,Queue
FN:8,get
FN:12,get
FN:16,get
FN:20,get
FN:34,Object.<anonymous>.Queue.enqueue
FN:48,Object.<anonymous>.Queue.dequeue
FN:61,Object.<anonymous>.Queue.clear
FN:67,Object.<anonymous>.Queue.enqueueArray
FNF:9
FNH:9
FNDA:7,Queue
FNDA:24,get
FNDA:5,get
FNDA:9,get
FNDA:2,get
FNDA:18,Object.<anonymous>.Queue.enqueue
FNDA:2,Object.<anonymous>.Queue.dequeue
FNDA:1,Object.<anonymous>.Queue.clear
FNDA:4,Object.<anonymous>.Queue.enqueueArray
DA:1,1
DA:2,1
DA:3,1
DA:4,1
DA:5,1
DA:6,1
DA:7,1
DA:8,1
DA:9,24
DA:10,24
DA:11,1
DA:12,1
DA:13,5
DA:14,5
DA:15,1
DA:16,1
DA:17,9
DA:18,9
DA:19,1
DA:20,1
DA:21,2
DA:22,2
DA:23,1
DA:24,1
DA:25,7
DA:26,7
DA:27,7
DA:28,7
DA:29,7
DA:30,4
DA:31,4
DA:32,7
DA:33,1
DA:34,1
DA:35,18
DA:36,18
DA:37,18
DA:38,5
DA:39,5
DA:40,18
DA:41,13
DA:42,13
DA:43,13
DA:44,18
DA:45,18
DA:46,18
DA:47,1
DA:48,1
DA:49,2
DA:50,1
DA:51,1
DA:52,1
DA:53,1
DA:54,1
DA:55,1
DA:56,1
DA:57,1
DA:58,1
DA:59,1
DA:60,1
DA:61,1
DA:62,1
DA:63,1
DA:64,1
DA:65,1
DA:66,1
DA:67,1
DA:68,4
DA:69,4
DA:70,1
LF:70
LH:70
BRDA:3,0,0,1
BRDA:24,1,0,7
BRDA:29,2,0,4
BRDA:8,3,0,24
BRDA:9,4,0,7
BRDA:9,5,0,17
BRDA:12,6,0,5
BRDA:13,7,0,2
BRDA:13,8,0,3
BRDA:16,9,0,9
BRDA:20,10,0,2
BRDA:34,11,0,18
BRDA:37,12,0,5
BRDA:40,13,0,13
BRDA:48,14,0,2
BRDA:49,15,0,1
BRDA:61,16,0,1
BRDA:67,17,0,4
BRDA:68,18,0,16
BRF:19
BRH:19
end_of_record
TN:
SF:src/Stack/Stack.ts
FN:16,Stack
FN:4,get
FN:8,get
FN:12,get
FN:20,Object.<anonymous>.Stack.push
FN:24,Object.<anonymous>.Stack.pop
FN:32,Object.<anonymous>.Stack.peek
FN:40,Object.<anonymous>.Stack.clear
FNF:8
FNH:8
FNDA:8,Stack
FNDA:6,get
FNDA:6,get
FNDA:4,get
FNDA:1,Object.<anonymous>.Stack.push
FNDA:2,Object.<anonymous>.Stack.pop
FNDA:2,Object.<anonymous>.Stack.peek
FNDA:1,Object.<anonymous>.Stack.clear
DA:1,1
DA:2,1
DA:3,1
DA:4,1
DA:5,6
DA:6,6
DA:7,1
DA:8,1
DA:9,6
DA:10,6
DA:11,1
DA:12,1
DA:13,4
DA:14,4
DA:15,1
DA:16,1
DA:17,8
DA:18,8
DA:19,1
DA:20,1
DA:21,1
DA:22,1
DA:23,1
DA:24,1
DA:25,2
DA:26,1
DA:27,1
DA:28,1
DA:29,1
DA:30,1
DA:31,1
DA:32,1
DA:33,2
DA:34,1
DA:35,1
DA:36,1
DA:37,1
DA:38,1
DA:39,1
DA:40,1
DA:41,1
DA:42,1
DA:43,1
LF:43
LH:43
BRDA:1,0,0,1
BRDA:16,1,0,8
BRDA:16,2,0,3
BRDA:4,3,0,6
BRDA:8,4,0,6
BRDA:12,5,0,4
BRDA:20,6,0,1
BRDA:24,7,0,2
BRDA:25,8,0,1
BRDA:32,9,0,2
BRDA:33,10,0,1
BRDA:40,11,0,1
BRF:12
BRH:12
end_of_record
