TN:
SF:src/DoublyLinkedList/DoublyLinkedList.ts
FN:28,DoublyLinkedList
FN:9,get
FN:14,get
FN:19,get
FN:24,get
FN:39,Object.<anonymous>.DoublyLinkedList.prepend
FN:57,Object.<anonymous>.DoublyLinkedList.append
FN:77,Object.<anonymous>.DoublyLinkedList.delete
FN:117,Object.<anonymous>.DoublyLinkedList.deleteByIndex
FN:151,Object.<anonymous>.DoublyLinkedList.clear
FN:158,Object.<anonymous>.DoublyLinkedList.find
FN:181,Object.<anonymous>.DoublyLinkedList.findIndex
FN:204,Object.<anonymous>.DoublyLinkedList.toArray
FN:212,Object.<anonymous>.DoublyLinkedList.traverse
FN:226,Object.<anonymous>.DoublyLinkedList.reverse
FN:247,Object.<anonymous>.DoublyLinkedList.print
FN:260,Object.<anonymous>.DoublyLinkedList.incrementLength
FN:265,Object.<anonymous>.DoublyLinkedList.decrementLength
FNF:18
FNH:8
FNDA:4,DoublyLinkedList
FNDA:23,get
FNDA:22,get
FNDA:4,get
FNDA:8,get
FNDA:2,Object.<anonymous>.DoublyLinkedList.prepend
FNDA:6,Object.<anonymous>.DoublyLinkedList.append
FNDA:0,Object.<anonymous>.DoublyLinkedList.delete
FNDA:0,Object.<anonymous>.DoublyLinkedList.deleteByIndex
FNDA:0,Object.<anonymous>.DoublyLinkedList.clear
FNDA:0,Object.<anonymous>.DoublyLinkedList.find
FNDA:0,Object.<anonymous>.DoublyLinkedList.findIndex
FNDA:0,Object.<anonymous>.DoublyLinkedList.toArray
FNDA:0,Object.<anonymous>.DoublyLinkedList.traverse
FNDA:0,Object.<anonymous>.DoublyLinkedList.reverse
FNDA:0,Object.<anonymous>.DoublyLinkedList.print
FNDA:8,Object.<anonymous>.DoublyLinkedList.incrementLength
FNDA:0,Object.<anonymous>.DoublyLinkedList.decrementLength
DA:1,1
DA:2,1
DA:3,1
DA:4,1
DA:5,1
DA:6,1
DA:7,1
DA:8,1
DA:9,1
DA:10,23
DA:11,23
DA:12,1
DA:13,1
DA:14,1
DA:15,22
DA:16,22
DA:17,1
DA:18,1
DA:19,1
DA:20,4
DA:21,4
DA:22,1
DA:23,1
DA:24,1
DA:25,8
DA:26,8
DA:27,1
DA:28,1
DA:29,4
DA:30,4
DA:31,4
DA:32,4
DA:33,4
DA:34,1
DA:35,1
DA:36,4
DA:37,1
DA:38,1
DA:39,1
DA:40,2
DA:41,2
DA:42,2
DA:43,1
DA:44,1
DA:45,2
DA:46,2
DA:47,2
DA:48,2
DA:49,1
DA:50,1
DA:51,2
DA:52,2
DA:53,2
DA:54,2
DA:55,1
DA:56,1
DA:57,1
DA:58,6
DA:59,6
DA:60,6
DA:61,2
DA:62,2
DA:63,2
DA:64,2
DA:65,2
DA:66,2
DA:67,4
DA:68,4
DA:69,4
DA:70,4
DA:71,4
DA:72,4
DA:73,4
DA:74,4
DA:75,1
DA:76,1
DA:77,1
DA:78,0
DA:79,0
DA:80,0
DA:81,0
DA:82,0
DA:83,0
DA:84,0
DA:85,0
DA:86,0
DA:87,0
DA:88,0
DA:89,0
DA:90,0
DA:91,0
DA:92,0
DA:93,0
DA:94,0
DA:95,0
DA:96,0
DA:97,0
DA:98,0
DA:99,0
DA:100,0
DA:101,0
DA:102,0
DA:103,0
DA:104,0
DA:105,0
DA:106,0
DA:107,0
DA:108,0
DA:109,0
DA:110,0
DA:111,0
DA:112,0
DA:113,0
DA:114,0
DA:115,1
DA:116,1
DA:117,1
DA:118,0
DA:119,0
DA:120,0
DA:121,0
DA:122,0
DA:123,0
DA:124,0
DA:125,0
DA:126,0
DA:127,0
DA:128,0
DA:129,0
DA:130,0
DA:131,0
DA:132,0
DA:133,0
DA:134,0
DA:135,0
DA:136,0
DA:137,0
DA:138,0
DA:139,0
DA:140,0
DA:141,0
DA:142,0
DA:143,0
DA:144,0
DA:145,0
DA:146,0
DA:147,0
DA:148,0
DA:149,1
DA:150,1
DA:151,1
DA:152,0
DA:153,0
DA:154,0
DA:155,0
DA:156,1
DA:157,1
DA:158,1
DA:159,0
DA:160,0
DA:161,0
DA:162,0
DA:163,0
DA:164,0
DA:165,0
DA:166,0
DA:167,0
DA:168,0
DA:169,0
DA:170,0
DA:171,0
DA:172,0
DA:173,0
DA:174,0
DA:175,0
DA:176,0
DA:177,0
DA:178,0
DA:179,1
DA:180,1
DA:181,1
DA:182,0
DA:183,0
DA:184,0
DA:185,0
DA:186,0
DA:187,0
DA:188,0
DA:189,0
DA:190,0
DA:191,0
DA:192,0
DA:193,0
DA:194,0
DA:195,0
DA:196,0
DA:197,0
DA:198,0
DA:199,0
DA:200,0
DA:201,0
DA:202,1
DA:203,1
DA:204,1
DA:205,0
DA:206,0
DA:207,0
DA:208,0
DA:209,0
DA:210,1
DA:211,1
DA:212,1
DA:213,0
DA:214,0
DA:215,0
DA:216,0
DA:217,0
DA:218,0
DA:219,0
DA:220,0
DA:221,0
DA:222,0
DA:223,0
DA:224,1
DA:225,1
DA:226,1
DA:227,0
DA:228,0
DA:229,0
DA:230,0
DA:231,0
DA:232,0
DA:233,0
DA:234,0
DA:235,0
DA:236,0
DA:237,0
DA:238,0
DA:239,0
DA:240,0
DA:241,0
DA:242,0
DA:243,0
DA:244,0
DA:245,1
DA:246,1
DA:247,1
DA:248,0
DA:249,0
DA:250,0
DA:251,0
DA:252,0
DA:253,0
DA:254,0
DA:255,0
DA:256,0
DA:257,0
DA:258,1
DA:259,1
DA:260,1
DA:261,8
DA:262,8
DA:263,1
DA:264,1
DA:265,1
DA:266,0
DA:267,0
DA:268,1
LF:268
LH:110
BRDA:3,0,0,1
BRDA:28,1,0,4
BRDA:33,2,0,1
BRDA:34,3,0,4
BRDA:9,4,0,23
BRDA:14,5,0,22
BRDA:19,6,0,4
BRDA:24,7,0,8
BRDA:39,8,0,2
BRDA:42,9,0,1
BRDA:48,10,0,1
BRDA:57,11,0,6
BRDA:60,12,0,2
BRDA:67,13,0,4
BRDA:260,14,0,8
BRF:15
BRH:15
end_of_record
TN:
SF:src/DoublyLinkedList/DoublyLinkedListNode/DoublyLinkedListNode.ts
FN:23,DoublyLinkedListNode
FN:7,get
FN:11,set
FN:15,get
FN:19,set
FNF:5
FNH:5
FNDA:18,DoublyLinkedListNode
FNDA:10,get
FNDA:5,set
FNDA:8,get
FNDA:6,set
DA:1,1
DA:2,1
DA:3,2
DA:4,2
DA:5,2
DA:6,2
DA:7,2
DA:8,10
DA:9,10
DA:10,2
DA:11,2
DA:12,5
DA:13,5
DA:14,2
DA:15,2
DA:16,8
DA:17,8
DA:18,2
DA:19,2
DA:20,6
DA:21,6
DA:22,2
DA:23,2
DA:24,18
DA:25,18
DA:26,18
DA:27,18
DA:28,18
DA:29,2
LF:29
LH:29
BRDA:3,0,0,2
BRDA:23,1,0,18
BRDA:23,2,0,14
BRDA:23,3,0,15
BRDA:7,4,0,10
BRDA:11,5,0,5
BRDA:15,6,0,8
BRDA:19,7,0,6
BRF:8
BRH:8
end_of_record
TN:
SF:src/LinkedList/LinkedList.ts
FN:28,LinkedList
FN:9,get
FN:14,get
FN:19,get
FN:24,get
FN:39,Object.<anonymous>.LinkedList.getByIndex
FN:54,Object.<anonymous>.LinkedList.prepend
FN:68,Object.<anonymous>.LinkedList.append
FN:87,Object.<anonymous>.LinkedList.appendByIndex
FN:110,Object.<anonymous>.LinkedList.delete
FN:138,Object.<anonymous>.LinkedList.deleteByIndex
FN:172,Object.<anonymous>.LinkedList.clear
FN:179,Object.<anonymous>.LinkedList.find
FN:202,Object.<anonymous>.LinkedList.findIndex
FN:225,Object.<anonymous>.LinkedList.toArray
FN:233,Object.<anonymous>.LinkedList.traverse
FN:247,Object.<anonymous>.LinkedList.reverse
FN:268,Object.<anonymous>.LinkedList.print
FN:281,Object.<anonymous>.LinkedList.incrementLength
FN:286,Object.<anonymous>.LinkedList.decrementLength
FNF:20
FNH:20
FNDA:54,LinkedList
FNDA:291,get
FNDA:158,get
FNDA:2,get
FNDA:73,get
FNDA:4,Object.<anonymous>.LinkedList.getByIndex
FNDA:3,Object.<anonymous>.LinkedList.prepend
FNDA:168,Object.<anonymous>.LinkedList.append
FNDA:5,Object.<anonymous>.LinkedList.appendByIndex
FNDA:4,Object.<anonymous>.LinkedList.delete
FNDA:7,Object.<anonymous>.LinkedList.deleteByIndex
FNDA:2,Object.<anonymous>.LinkedList.clear
FNDA:18,Object.<anonymous>.LinkedList.find
FNDA:6,Object.<anonymous>.LinkedList.findIndex
FNDA:3,Object.<anonymous>.LinkedList.toArray
FNDA:5,Object.<anonymous>.LinkedList.traverse
FNDA:1,Object.<anonymous>.LinkedList.reverse
FNDA:1,Object.<anonymous>.LinkedList.print
FNDA:172,Object.<anonymous>.LinkedList.incrementLength
FNDA:14,Object.<anonymous>.LinkedList.decrementLength
DA:1,1
DA:2,1
DA:3,2
DA:4,2
DA:5,2
DA:6,2
DA:7,2
DA:8,2
DA:9,2
DA:10,291
DA:11,291
DA:12,2
DA:13,2
DA:14,2
DA:15,158
DA:16,158
DA:17,2
DA:18,2
DA:19,2
DA:20,2
DA:21,2
DA:22,2
DA:23,2
DA:24,2
DA:25,73
DA:26,73
DA:27,2
DA:28,2
DA:29,54
DA:30,54
DA:31,54
DA:32,54
DA:33,54
DA:34,34
DA:35,34
DA:36,54
DA:37,2
DA:38,2
DA:39,2
DA:40,4
DA:41,2
DA:42,2
DA:43,2
DA:44,2
DA:45,2
DA:46,2
DA:47,2
DA:48,2
DA:49,2
DA:50,2
DA:51,2
DA:52,2
DA:53,2
DA:54,2
DA:55,3
DA:56,3
DA:57,3
DA:58,3
DA:59,3
DA:60,1
DA:61,1
DA:62,3
DA:63,3
DA:64,3
DA:65,3
DA:66,2
DA:67,2
DA:68,2
DA:69,168
DA:70,168
DA:71,168
DA:72,41
DA:73,41
DA:74,41
DA:75,41
DA:76,41
DA:77,41
DA:78,127
DA:79,127
DA:80,127
DA:81,127
DA:82,127
DA:83,127
DA:84,127
DA:85,2
DA:86,2
DA:87,2
DA:88,5
DA:89,2
DA:90,2
DA:91,3
DA:92,5
DA:93,1
DA:94,1
DA:95,2
DA:96,5
DA:97,1
DA:98,1
DA:99,1
DA:100,1
DA:101,1
DA:102,1
DA:103,1
DA:104,1
DA:105,1
DA:106,1
DA:107,1
DA:108,2
DA:109,2
DA:110,2
DA:111,4
DA:112,1
DA:113,1
DA:114,3
DA:115,4
DA:116,4
DA:117,4
DA:118,4
DA:119,3
DA:120,3
DA:121,4
DA:122,12
DA:123,6
DA:124,6
DA:125,6
DA:126,6
DA:127,6
DA:128,12
DA:129,3
DA:130,4
DA:131,1
DA:132,1
DA:133,3
DA:134,3
DA:135,3
DA:136,2
DA:137,2
DA:138,2
DA:139,7
DA:140,3
DA:141,3
DA:142,4
DA:143,7
DA:144,2
DA:145,2
DA:146,2
DA:147,2
DA:148,2
DA:149,2
DA:150,2
DA:151,2
DA:152,2
DA:153,6
DA:154,5
DA:155,5
DA:156,5
DA:157,5
DA:158,2
DA:159,7
DA:160,2
DA:161,2
DA:162,2
DA:163,2
DA:164,6
DA:165,1
DA:166,1
DA:167,2
DA:168,2
DA:169,2
DA:170,2
DA:171,2
DA:172,2
DA:173,2
DA:174,2
DA:175,2
DA:176,2
DA:177,2
DA:178,2
DA:179,2
DA:180,18
DA:181,18
DA:182,18
DA:183,2
DA:184,2
DA:185,16
DA:186,16
DA:187,16
DA:188,16
DA:189,18
DA:190,53
DA:191,10
DA:192,10
DA:193,43
DA:194,43
DA:195,43
DA:196,43
DA:197,6
DA:198,6
DA:199,6
DA:200,2
DA:201,2
DA:202,2
DA:203,6
DA:204,6
DA:205,6
DA:206,2
DA:207,2
DA:208,4
DA:209,4
DA:210,4
DA:211,4
DA:212,6
DA:213,14
DA:214,2
DA:215,2
DA:216,12
DA:217,12
DA:218,12
DA:219,12
DA:220,2
DA:221,2
DA:222,2
DA:223,2
DA:224,2
DA:225,2
DA:226,3
DA:227,3
DA:228,3
DA:229,3
DA:230,3
DA:231,2
DA:232,2
DA:233,2
DA:234,5
DA:235,5
DA:236,5
DA:237,5
DA:238,5
DA:239,5
DA:240,12
DA:241,12
DA:242,12
DA:243,12
DA:244,5
DA:245,2
DA:246,2
DA:247,2
DA:248,1
DA:249,1
DA:250,1
DA:251,1
DA:252,1
DA:253,4
DA:254,4
DA:255,4
DA:256,4
DA:257,4
DA:258,4
DA:259,4
DA:260,1
DA:261,1
DA:262,1
DA:263,1
DA:264,1
DA:265,1
DA:266,2
DA:267,2
DA:268,2
DA:269,1
DA:270,1
DA:271,1
DA:272,1
DA:273,4
DA:274,4
DA:275,4
DA:276,1
DA:277,1
DA:278,1
DA:279,2
DA:280,2
DA:281,2
DA:282,172
DA:283,172
DA:284,2
DA:285,2
DA:286,2
DA:287,14
DA:288,14
DA:289,2
LF:289
LH:289
BRDA:3,0,0,2
BRDA:28,1,0,54
BRDA:33,2,0,34
BRDA:34,3,0,143
BRDA:9,4,0,291
BRDA:14,5,0,158
BRDA:19,6,0,2
BRDA:24,7,0,73
BRDA:39,8,0,4
BRDA:40,9,0,3
BRDA:40,10,0,2
BRDA:54,11,0,3
BRDA:59,12,0,1
BRDA:68,13,0,168
BRDA:71,14,0,41
BRDA:78,15,0,127
BRDA:87,16,0,5
BRDA:88,17,0,4
BRDA:88,18,0,2
BRDA:91,19,0,3
BRDA:92,20,0,1
BRDA:95,21,0,2
BRDA:96,22,0,1
BRDA:100,23,0,2
BRDA:110,24,0,4
BRDA:111,25,0,1
BRDA:114,26,0,3
BRDA:115,27,0,7
BRDA:119,28,0,3
BRDA:121,29,0,12
BRDA:122,30,0,6
BRDA:129,31,0,3
BRDA:130,32,0,1
BRDA:133,33,0,3
BRDA:138,34,0,7
BRDA:139,35,0,6
BRDA:139,36,0,4
BRDA:139,37,0,3
BRDA:143,38,0,2
BRDA:148,39,0,6
BRDA:148,40,0,2
BRDA:153,41,0,5
BRDA:155,42,0,0
BRDA:158,43,0,2
BRDA:159,44,0,6
BRDA:159,45,0,2
BRDA:164,46,0,1
BRDA:167,47,0,2
BRDA:172,48,0,2
BRDA:179,49,0,18
BRDA:182,50,0,2
BRDA:185,51,0,16
BRDA:189,52,0,53
BRDA:190,53,0,10
BRDA:193,54,0,43
BRDA:197,55,0,6
BRDA:202,56,0,6
BRDA:205,57,0,2
BRDA:208,58,0,4
BRDA:212,59,0,14
BRDA:213,60,0,2
BRDA:216,61,0,12
BRDA:220,62,0,2
BRDA:225,63,0,3
BRDA:227,64,0,8
BRDA:233,65,0,5
BRDA:239,66,0,12
BRDA:247,67,0,1
BRDA:252,68,0,4
BRDA:268,69,0,1
BRDA:272,70,0,4
BRDA:281,71,0,172
BRDA:286,72,0,14
BRF:73
BRH:72
end_of_record
TN:
SF:src/Node/Node.ts
FN:21,Node
FN:5,get
FN:9,set
FN:13,get
FN:17,set
FNF:5
FNH:5
FNDA:225,Node
FNDA:164,get
FNDA:1,set
FNDA:155,get
FNDA:179,set
DA:1,7
DA:2,7
DA:3,7
DA:4,7
DA:5,7
DA:6,164
DA:7,164
DA:8,7
DA:9,7
DA:10,1
DA:11,1
DA:12,7
DA:13,7
DA:14,155
DA:15,155
DA:16,7
DA:17,7
DA:18,179
DA:19,179
DA:20,7
DA:21,7
DA:22,225
DA:23,225
DA:24,225
DA:25,7
LF:25
LH:25
BRDA:1,0,0,7
BRDA:21,1,0,225
BRDA:21,2,0,202
BRDA:5,3,0,164
BRDA:9,4,0,1
BRDA:13,5,0,155
BRDA:17,6,0,179
BRF:7
BRH:7
end_of_record
TN:
SF:src/Queue/QueueBasedOnLinkedList.ts
FN:24,QueueBasedOnLinkedList
FN:10,get
FN:15,get
FN:20,get
FN:31,Object.<anonymous>.QueueBasedOnLinkedList.enqueue
FN:45,Object.<anonymous>.QueueBasedOnLinkedList.dequeue
FN:66,Object.<anonymous>.QueueBasedOnLinkedList.peek
FN:71,Object.<anonymous>.QueueBasedOnLinkedList.clear
FNF:8
FNH:8
FNDA:9,QueueBasedOnLinkedList
FNDA:5,get
FNDA:30,get
FNDA:22,get
FNDA:16,Object.<anonymous>.QueueBasedOnLinkedList.enqueue
FNDA:4,Object.<anonymous>.QueueBasedOnLinkedList.dequeue
FNDA:2,Object.<anonymous>.QueueBasedOnLinkedList.peek
FNDA:1,Object.<anonymous>.QueueBasedOnLinkedList.clear
DA:1,1
DA:2,1
DA:3,1
DA:4,1
DA:5,1
DA:6,1
DA:7,1
DA:8,1
DA:9,1
DA:10,1
DA:11,5
DA:12,5
DA:13,1
DA:14,1
DA:15,1
DA:16,30
DA:17,30
DA:18,1
DA:19,1
DA:20,1
DA:21,22
DA:22,22
DA:23,1
DA:24,1
DA:25,9
DA:26,9
DA:27,9
DA:28,9
DA:29,1
DA:30,1
DA:31,1
DA:32,16
DA:33,16
DA:34,16
DA:35,5
DA:36,16
DA:37,11
DA:38,11
DA:39,16
DA:40,16
DA:41,16
DA:42,16
DA:43,1
DA:44,1
DA:45,1
DA:46,4
DA:47,1
DA:48,1
DA:49,3
DA:50,3
DA:51,3
DA:52,4
DA:53,1
DA:54,1
DA:55,1
DA:56,2
DA:57,2
DA:58,2
DA:59,3
DA:60,3
DA:61,3
DA:62,3
DA:63,3
DA:64,1
DA:65,1
DA:66,1
DA:67,2
DA:68,2
DA:69,1
DA:70,1
DA:71,1
DA:72,1
DA:73,1
DA:74,1
DA:75,1
DA:76,1
LF:76
LH:76
BRDA:4,0,0,1
BRDA:24,1,0,9
BRDA:10,2,0,5
BRDA:11,3,0,3
BRDA:11,4,0,2
BRDA:15,5,0,30
BRDA:20,6,0,22
BRDA:31,7,0,16
BRDA:34,8,0,5
BRDA:36,9,0,11
BRDA:45,10,0,4
BRDA:46,11,0,1
BRDA:49,12,0,3
BRDA:52,13,0,1
BRDA:56,14,0,2
BRDA:59,15,0,3
BRDA:66,16,0,2
BRDA:67,17,0,1
BRDA:67,18,0,1
BRDA:71,19,0,1
BRF:20
BRH:20
end_of_record
TN:
SF:src/Queue/QueueBasedOnLinkedList2.ts
FN:26,QueueBasedOnLinkedList2
FN:7,get
FN:12,get
FN:17,get
FN:22,get
FN:33,Object.<anonymous>.QueueBasedOnLinkedList2.enqueue
FN:38,Object.<anonymous>.QueueBasedOnLinkedList2.dequeue
FN:50,Object.<anonymous>.QueueBasedOnLinkedList2.peek
FN:59,Object.<anonymous>.QueueBasedOnLinkedList2.clear
FN:64,Object.<anonymous>.QueueBasedOnLinkedList2.enqueueArray
FNF:10
FNH:10
FNDA:9,QueueBasedOnLinkedList2
FNDA:10,get
FNDA:5,get
FNDA:10,get
FNDA:2,get
FNDA:22,Object.<anonymous>.QueueBasedOnLinkedList2.enqueue
FNDA:2,Object.<anonymous>.QueueBasedOnLinkedList2.dequeue
FNDA:2,Object.<anonymous>.QueueBasedOnLinkedList2.peek
FNDA:1,Object.<anonymous>.QueueBasedOnLinkedList2.clear
FNDA:5,Object.<anonymous>.QueueBasedOnLinkedList2.enqueueArray
DA:1,1
DA:2,1
DA:3,1
DA:4,1
DA:5,1
DA:6,1
DA:7,1
DA:8,10
DA:9,10
DA:10,1
DA:11,1
DA:12,1
DA:13,5
DA:14,5
DA:15,1
DA:16,1
DA:17,1
DA:18,10
DA:19,10
DA:20,1
DA:21,1
DA:22,1
DA:23,2
DA:24,2
DA:25,1
DA:26,1
DA:27,9
DA:28,5
DA:29,5
DA:30,9
DA:31,1
DA:32,1
DA:33,1
DA:34,22
DA:35,22
DA:36,1
DA:37,1
DA:38,1
DA:39,2
DA:40,1
DA:41,1
DA:42,1
DA:43,1
DA:44,1
DA:45,1
DA:46,1
DA:47,1
DA:48,1
DA:49,1
DA:50,1
DA:51,2
DA:52,1
DA:53,1
DA:54,1
DA:55,1
DA:56,1
DA:57,1
DA:58,1
DA:59,1
DA:60,1
DA:61,1
DA:62,1
DA:63,1
DA:64,1
DA:65,5
DA:66,5
DA:67,1
LF:67
LH:67
BRDA:3,0,0,1
BRDA:26,1,0,9
BRDA:27,2,0,5
BRDA:7,3,0,10
BRDA:8,4,0,6
BRDA:8,5,0,4
BRDA:12,6,0,5
BRDA:13,7,0,3
BRDA:13,8,0,2
BRDA:17,9,0,10
BRDA:22,10,0,2
BRDA:33,11,0,22
BRDA:38,12,0,2
BRDA:39,13,0,1
BRDA:50,14,0,2
BRDA:51,15,0,1
BRDA:59,16,0,1
BRDA:64,17,0,5
BRDA:65,18,0,20
BRF:19
BRH:19
end_of_record
TN:
SF:src/Queue/CircularQueue/CircularQueue.ts
FN:11,CircularQueue
FN:18,get
FN:23,get
FN:32,get
FN:37,Object.<anonymous>.CircularQueue.peek
FN:42,Object.<anonymous>.CircularQueue.enqueue
FN:62,Object.<anonymous>.CircularQueue.dequeue
FNF:7
FNH:7
FNDA:8,CircularQueue
FNDA:14,get
FNDA:25,get
FNDA:4,get
FNDA:4,Object.<anonymous>.CircularQueue.peek
FNDA:20,Object.<anonymous>.CircularQueue.enqueue
FNDA:11,Object.<anonymous>.CircularQueue.dequeue
DA:1,1
DA:2,1
DA:3,1
DA:4,1
DA:5,1
DA:6,1
DA:7,1
DA:8,1
DA:9,1
DA:10,1
DA:11,1
DA:12,8
DA:13,8
DA:14,8
DA:15,8
DA:16,1
DA:17,1
DA:18,1
DA:19,14
DA:20,14
DA:21,1
DA:22,1
DA:23,1
DA:24,25
DA:25,25
DA:26,23
DA:27,25
DA:28,22
DA:29,22
DA:30,1
DA:31,1
DA:32,1
DA:33,4
DA:34,4
DA:35,1
DA:36,1
DA:37,1
DA:38,4
DA:39,4
DA:40,1
DA:41,1
DA:42,1
DA:43,20
DA:44,1
DA:45,1
DA:46,19
DA:47,7
DA:48,7
DA:49,7
DA:50,12
DA:51,12
DA:52,2
DA:53,2
DA:54,10
DA:55,10
DA:56,10
DA:57,19
DA:58,19
DA:59,19
DA:60,1
DA:61,1
DA:62,1
DA:63,11
DA:64,2
DA:65,2
DA:66,9
DA:67,9
DA:68,9
DA:69,9
DA:70,11
DA:71,3
DA:72,3
DA:73,3
DA:74,6
DA:75,6
DA:76,1
DA:77,1
DA:78,5
DA:79,5
DA:80,5
DA:81,9
DA:82,9
DA:83,9
DA:84,1
LF:84
LH:84
BRDA:4,0,0,1
BRDA:11,1,0,8
BRDA:18,2,0,14
BRDA:23,3,0,25
BRDA:25,4,0,13
BRDA:25,5,0,2
BRDA:26,6,0,23
BRDA:27,7,0,1
BRDA:28,8,0,22
BRDA:32,9,0,4
BRDA:33,10,0,2
BRDA:33,11,0,2
BRDA:37,12,0,4
BRDA:38,13,0,2
BRDA:38,14,0,2
BRDA:42,15,0,20
BRDA:43,16,0,1
BRDA:46,17,0,19
BRDA:46,18,0,7
BRDA:46,19,0,7
BRDA:50,20,0,12
BRDA:51,21,0,2
BRDA:51,22,0,2
BRDA:54,23,0,10
BRDA:62,24,0,11
BRDA:63,25,0,2
BRDA:66,26,0,9
BRDA:70,27,0,3
BRDA:74,28,0,6
BRDA:75,29,0,1
BRDA:77,30,0,5
BRDA:81,31,0,9
BRF:32
BRH:32
end_of_record
TN:
SF:src/Queue/CircularQueue/CircularQueueBasedOnLinkedList.ts
FN:4,CircularQueueBasedOnLinkedList
FN:9,get
FN:14,get
FN:20,Object.<anonymous>.CircularQueueBasedOnLinkedList.peek
FN:26,Object.<anonymous>.CircularQueueBasedOnLinkedList.enqueue
FN:41,Object.<anonymous>.CircularQueueBasedOnLinkedList.dequeue
FNF:6
FNH:6
FNDA:6,CircularQueueBasedOnLinkedList
FNDA:27,get
FNDA:4,get
FNDA:4,Object.<anonymous>.CircularQueueBasedOnLinkedList.peek
FNDA:13,Object.<anonymous>.CircularQueueBasedOnLinkedList.enqueue
FNDA:11,Object.<anonymous>.CircularQueueBasedOnLinkedList.dequeue
DA:1,1
DA:2,1
DA:3,1
DA:4,6
DA:5,6
DA:6,6
DA:7,6
DA:8,6
DA:9,6
DA:10,27
DA:11,27
DA:12,6
DA:13,6
DA:14,6
DA:15,4
DA:16,2
DA:17,2
DA:18,6
DA:19,6
DA:20,6
DA:21,4
DA:22,2
DA:23,2
DA:24,6
DA:25,6
DA:26,6
DA:27,13
DA:28,13
DA:29,13
DA:30,5
DA:31,5
DA:32,8
DA:33,8
DA:34,8
DA:35,13
DA:36,13
DA:37,13
DA:38,13
DA:39,6
DA:40,6
DA:41,6
DA:42,11
DA:43,2
DA:44,2
DA:45,9
DA:46,9
DA:47,9
DA:48,11
DA:49,3
DA:50,3
DA:51,3
DA:52,6
DA:53,6
DA:54,6
DA:55,6
DA:56,9
DA:57,9
DA:58,9
DA:59,6
LF:59
LH:59
BRDA:4,0,0,1
BRDA:4,1,0,6
BRDA:9,2,0,27
BRDA:14,3,0,4
BRDA:15,4,0,2
BRDA:20,5,0,4
BRDA:21,6,0,2
BRDA:26,7,0,13
BRDA:29,8,0,5
BRDA:32,9,0,8
BRDA:41,10,0,11
BRDA:42,11,0,2
BRDA:45,12,0,9
BRDA:48,13,0,3
BRDA:52,14,0,6
BRDA:56,15,0,9
BRF:16
BRH:16
end_of_record
TN:
SF:src/Queue/Exceptions/QueueEmptyError.ts
FNF:0
FNH:0
DA:1,1
LF:1
LH:1
BRF:0
BRH:0
end_of_record
TN:
SF:src/Queue/Exceptions/QueueFullError.ts
FNF:0
FNH:0
DA:1,1
LF:1
LH:1
BRF:0
BRH:0
end_of_record
TN:
SF:src/Stack/Stack.ts
FN:19,Stack
FN:5,get
FN:10,get
FN:15,get
FN:24,Object.<anonymous>.Stack.push
FN:29,Object.<anonymous>.Stack.pop
FN:38,Object.<anonymous>.Stack.peek
FN:47,Object.<anonymous>.Stack.clear
FNF:8
FNH:8
FNDA:8,Stack
FNDA:6,get
FNDA:6,get
FNDA:4,get
FNDA:1,Object.<anonymous>.Stack.push
FNDA:2,Object.<anonymous>.Stack.pop
FNDA:2,Object.<anonymous>.Stack.peek
FNDA:1,Object.<anonymous>.Stack.clear
DA:1,1
DA:2,1
DA:3,1
DA:4,1
DA:5,1
DA:6,6
DA:7,6
DA:8,1
DA:9,1
DA:10,1
DA:11,6
DA:12,6
DA:13,1
DA:14,1
DA:15,1
DA:16,4
DA:17,4
DA:18,1
DA:19,1
DA:20,8
DA:21,8
DA:22,1
DA:23,1
DA:24,1
DA:25,1
DA:26,1
DA:27,1
DA:28,1
DA:29,1
DA:30,2
DA:31,1
DA:32,1
DA:33,1
DA:34,1
DA:35,1
DA:36,1
DA:37,1
DA:38,1
DA:39,2
DA:40,1
DA:41,1
DA:42,1
DA:43,1
DA:44,1
DA:45,1
DA:46,1
DA:47,1
DA:48,1
DA:49,1
DA:50,1
LF:50
LH:50
BRDA:1,0,0,1
BRDA:19,1,0,8
BRDA:19,2,0,3
BRDA:5,3,0,6
BRDA:10,4,0,6
BRDA:15,5,0,4
BRDA:24,6,0,1
BRDA:29,7,0,2
BRDA:30,8,0,1
BRDA:38,9,0,2
BRDA:39,10,0,1
BRDA:47,11,0,1
BRF:12
BRH:12
end_of_record
